# compute-mfcc-feats --write-utt2dur=ark,t:/home/mi/PycharmProjects/CESLeA/AgeRecog/online/preprocess_log/make_mfcc/utt2dur.1 --verbose=2 --config=conf/mfcc.conf scp,p:/home/mi/PycharmProjects/CESLeA/AgeRecog/online/preprocess_log/make_mfcc/wav_spkrs.1.scp ark:- | copy-feats --write-num-frames=ark,t:/home/mi/PycharmProjects/CESLeA/AgeRecog/online/preprocess_log/make_mfcc/utt2num_frames.1 --compress=true ark:- ark,scp:/home/mi/PycharmProjects/CESLeA/AgeRecog/online/mfcc/raw_mfcc_spkrs.1.ark,/home/mi/PycharmProjects/CESLeA/AgeRecog/online/mfcc/raw_mfcc_spkrs.1.scp 
# Started at Tue Nov 24 11:14:42 KST 2020
#
copy-feats --write-num-frames=ark,t:/home/mi/PycharmProjects/CESLeA/AgeRecog/online/preprocess_log/make_mfcc/utt2num_frames.1 --compress=true ark:- ark,scp:/home/mi/PycharmProjects/CESLeA/AgeRecog/online/mfcc/raw_mfcc_spkrs.1.ark,/home/mi/PycharmProjects/CESLeA/AgeRecog/online/mfcc/raw_mfcc_spkrs.1.scp 
compute-mfcc-feats --write-utt2dur=ark,t:/home/mi/PycharmProjects/CESLeA/AgeRecog/online/preprocess_log/make_mfcc/utt2dur.1 --verbose=2 --config=conf/mfcc.conf scp,p:/home/mi/PycharmProjects/CESLeA/AgeRecog/online/preprocess_log/make_mfcc/wav_spkrs.1.scp ark:- 
VLOG[2] (compute-mfcc-feats[5.5.598~1-611ff]:main():compute-mfcc-feats.cc:182) Processed features for key adult_f-FBJG01117
VLOG[2] (compute-mfcc-feats[5.5.598~1-611ff]:main():compute-mfcc-feats.cc:182) Processed features for key adult_f-FBJY01026
VLOG[2] (compute-mfcc-feats[5.5.598~1-611ff]:main():compute-mfcc-feats.cc:182) Processed features for key adult_f-FBMS01011
VLOG[2] (compute-mfcc-feats[5.5.598~1-611ff]:main():compute-mfcc-feats.cc:182) Processed features for key adult_f-FBSO01143
VLOG[2] (compute-mfcc-feats[5.5.598~1-611ff]:main():compute-mfcc-feats.cc:182) Processed features for key adult_f-FCHG01026
VLOG[2] (compute-mfcc-feats[5.5.598~1-611ff]:main():compute-mfcc-feats.cc:182) Processed features for key adult_f-FCSY01055
VLOG[2] (compute-mfcc-feats[5.5.598~1-611ff]:main():compute-mfcc-feats.cc:182) Processed features for key adult_f-FGAR01003
VLOG[2] (compute-mfcc-feats[5.5.598~1-611ff]:main():compute-mfcc-feats.cc:182) Processed features for key adult_f-FGDH02088
VLOG[2] (compute-mfcc-feats[5.5.598~1-611ff]:main():compute-mfcc-feats.cc:182) Processed features for key adult_f-FGEJ01026
LOG (compute-mfcc-feats[5.5.598~1-611ff]:main():compute-mfcc-feats.cc:181) Processed 10 utterances
VLOG[2] (compute-mfcc-feats[5.5.598~1-611ff]:main():compute-mfcc-feats.cc:182) Processed features for key adult_f-FGGH01052
VLOG[2] (compute-mfcc-feats[5.5.598~1-611ff]:main():compute-mfcc-feats.cc:182) Processed features for key adult_f-FGJH03013
VLOG[2] (compute-mfcc-feats[5.5.598~1-611ff]:main():compute-mfcc-feats.cc:182) Processed features for key adult_f-FGSR01129
VLOG[2] (compute-mfcc-feats[5.5.598~1-611ff]:main():compute-mfcc-feats.cc:182) Processed features for key adult_f-FGYW01006
VLOG[2] (compute-mfcc-feats[5.5.598~1-611ff]:main():compute-mfcc-feats.cc:182) Processed features for key adult_f-FHYR01009
VLOG[2] (compute-mfcc-feats[5.5.598~1-611ff]:main():compute-mfcc-feats.cc:182) Processed features for key adult_f-FIHS02047
VLOG[2] (compute-mfcc-feats[5.5.598~1-611ff]:main():compute-mfcc-feats.cc:182) Processed features for key adult_f-LKSCL05MMAFBSY00a175
VLOG[2] (compute-mfcc-feats[5.5.598~1-611ff]:main():compute-mfcc-feats.cc:182) Processed features for key adult_f-LKSCL05MMAMKYS00a068
VLOG[2] (compute-mfcc-feats[5.5.598~1-611ff]:main():compute-mfcc-feats.cc:182) Processed features for key adult_f-LKSCL05MMAMLCH00a145
VLOG[2] (compute-mfcc-feats[5.5.598~1-611ff]:main():compute-mfcc-feats.cc:182) Processed features for key adult_f-LKSCL05MMAMLHH00a143
LOG (compute-mfcc-feats[5.5.598~1-611ff]:main():compute-mfcc-feats.cc:181) Processed 20 utterances
VLOG[2] (compute-mfcc-feats[5.5.598~1-611ff]:main():compute-mfcc-feats.cc:182) Processed features for key adult_f-LKSCL05MMAMLSY01a236
VLOG[2] (compute-mfcc-feats[5.5.598~1-611ff]:main():compute-mfcc-feats.cc:182) Processed features for key adult_f-LKSCL05MMAMPAM00a231
VLOG[2] (compute-mfcc-feats[5.5.598~1-611ff]:main():compute-mfcc-feats.cc:182) Processed features for key adult_f-LKSCL05MMAMPHS01a169
VLOG[2] (compute-mfcc-feats[5.5.598~1-611ff]:main():compute-mfcc-feats.cc:182) Processed features for key adult_f-LKSCL05MMAMPKS00a229
VLOG[2] (compute-mfcc-feats[5.5.598~1-611ff]:main():compute-mfcc-feats.cc:182) Processed features for key adult_f-LKSCL05MMAMSHJ00a073
VLOG[2] (compute-mfcc-feats[5.5.598~1-611ff]:main():compute-mfcc-feats.cc:182) Processed features for key adult_f-LKSCL05MMAMSJS00a061
VLOG[2] (compute-mfcc-feats[5.5.598~1-611ff]:main():compute-mfcc-feats.cc:182) Processed features for key adult_f-LKSCL05MMCFHSJ01b061
VLOG[2] (compute-mfcc-feats[5.5.598~1-611ff]:main():compute-mfcc-feats.cc:182) Processed features for key adult_f-LKSCL05MMCMLHS01b087
VLOG[2] (compute-mfcc-feats[5.5.598~1-611ff]:main():compute-mfcc-feats.cc:182) Processed features for key adult_f-LKSCL05MMCMLHS20b081
VLOG[2] (compute-mfcc-feats[5.5.598~1-611ff]:main():compute-mfcc-feats.cc:182) Processed features for key adult_f-LKSCL05MMCMSSY01b045
LOG (compute-mfcc-feats[5.5.598~1-611ff]:main():compute-mfcc-feats.cc:181) Processed 30 utterances
VLOG[2] (compute-mfcc-feats[5.5.598~1-611ff]:main():compute-mfcc-feats.cc:182) Processed features for key adult_f-LKSCL05MMOFCMS00a081
VLOG[2] (compute-mfcc-feats[5.5.598~1-611ff]:main():compute-mfcc-feats.cc:182) Processed features for key adult_f-LKSCL05MMOFHCH00a084
VLOG[2] (compute-mfcc-feats[5.5.598~1-611ff]:main():compute-mfcc-feats.cc:182) Processed features for key adult_f-LKSCL05MMOMLBH00a053
VLOG[2] (compute-mfcc-feats[5.5.598~1-611ff]:main():compute-mfcc-feats.cc:182) Processed features for key adult_f-LKSCL05MMOMLSC00a068
VLOG[2] (compute-mfcc-feats[5.5.598~1-611ff]:main():compute-mfcc-feats.cc:182) Processed features for key adult_f-LKSCL05MMOMPNS00b097
VLOG[2] (compute-mfcc-feats[5.5.598~1-611ff]:main():compute-mfcc-feats.cc:182) Processed features for key adult_f-LKSCL15A4AFAEJ00a062
VLOG[2] (compute-mfcc-feats[5.5.598~1-611ff]:main():compute-mfcc-feats.cc:182) Processed features for key adult_f-LKSCL15A4AFANA00a215
VLOG[2] (compute-mfcc-feats[5.5.598~1-611ff]:main():compute-mfcc-feats.cc:182) Processed features for key adult_f-LKSCL15A4AFBEH00a060
VLOG[2] (compute-mfcc-feats[5.5.598~1-611ff]:main():compute-mfcc-feats.cc:182) Processed features for key adult_f-LKSCL15A4AFBJE00a154
VLOG[2] (compute-mfcc-feats[5.5.598~1-611ff]:main():compute-mfcc-feats.cc:182) Processed features for key adult_f-LKSCL15A4AFCCA00a089
LOG (compute-mfcc-feats[5.5.598~1-611ff]:main():compute-mfcc-feats.cc:181) Processed 40 utterances
VLOG[2] (compute-mfcc-feats[5.5.598~1-611ff]:main():compute-mfcc-feats.cc:182) Processed features for key adult_f-LKSCL15A4AFCHW00a086
VLOG[2] (compute-mfcc-feats[5.5.598~1-611ff]:main():compute-mfcc-feats.cc:182) Processed features for key adult_f-LKSCL15A4AFCMR00a071
VLOG[2] (compute-mfcc-feats[5.5.598~1-611ff]:main():compute-mfcc-feats.cc:182) Processed features for key adult_f-LKSCL15A4AFCSE00a093
VLOG[2] (compute-mfcc-feats[5.5.598~1-611ff]:main():compute-mfcc-feats.cc:182) Processed features for key adult_f-LKSCL15A4AFGAR00a163
VLOG[2] (compute-mfcc-feats[5.5.598~1-611ff]:main():compute-mfcc-feats.cc:182) Processed features for key adult_f-LKSCL15A4AFGMA00a239
VLOG[2] (compute-mfcc-feats[5.5.598~1-611ff]:main():compute-mfcc-feats.cc:182) Processed features for key adult_f-LKSCL15A4AMKYH10a227
VLOG[2] (compute-mfcc-feats[5.5.598~1-611ff]:main():compute-mfcc-feats.cc:182) Processed features for key adult_f-LKSCL15A4AMLJM00a209
VLOG[2] (compute-mfcc-feats[5.5.598~1-611ff]:main():compute-mfcc-feats.cc:182) Processed features for key adult_f-LKSCL15A4AMLWC00a184
VLOG[2] (compute-mfcc-feats[5.5.598~1-611ff]:main():compute-mfcc-feats.cc:182) Processed features for key adult_f-LKSCL15A4AMLYK01a184
VLOG[2] (compute-mfcc-feats[5.5.598~1-611ff]:main():compute-mfcc-feats.cc:182) Processed features for key adult_f-LKSCL15A4AMNBK00a154
LOG (compute-mfcc-feats[5.5.598~1-611ff]:main():compute-mfcc-feats.cc:181) Processed 50 utterances
VLOG[2] (compute-mfcc-feats[5.5.598~1-611ff]:main():compute-mfcc-feats.cc:182) Processed features for key adult_f-LKSCL15A4AMPHJ01a103
VLOG[2] (compute-mfcc-feats[5.5.598~1-611ff]:main():compute-mfcc-feats.cc:182) Processed features for key adult_f-LKSCL15A4CFHHJ00a034
VLOG[2] (compute-mfcc-feats[5.5.598~1-611ff]:main():compute-mfcc-feats.cc:182) Processed features for key adult_f-LKSCL15A4CFHKM00a031
VLOG[2] (compute-mfcc-feats[5.5.598~1-611ff]:main():compute-mfcc-feats.cc:182) Processed features for key adult_f-LKSCL15A4CFHYK02a066
VLOG[2] (compute-mfcc-feats[5.5.598~1-611ff]:main():compute-mfcc-feats.cc:182) Processed features for key adult_f-LKSCL15A4OFCJJ00a078
VLOG[2] (compute-mfcc-feats[5.5.598~1-611ff]:main():compute-mfcc-feats.cc:182) Processed features for key adult_f-LKSCL15A4OFCJJ00b117
VLOG[2] (compute-mfcc-feats[5.5.598~1-611ff]:main():compute-mfcc-feats.cc:182) Processed features for key adult_f-LKSCL15A4OMLKY00a054
VLOG[2] (compute-mfcc-feats[5.5.598~1-611ff]:main():compute-mfcc-feats.cc:182) Processed features for key adult_f-LKSCL15A4OMNKS00a116
VLOG[2] (compute-mfcc-feats[5.5.598~1-611ff]:main():compute-mfcc-feats.cc:182) Processed features for key adult_f-LKSCL15A4OMPHI00a037
VLOG[2] (compute-mfcc-feats[5.5.598~1-611ff]:main():compute-mfcc-feats.cc:182) Processed features for key adult_f-LKSNS05MMAMLDY00a126
LOG (compute-mfcc-feats[5.5.598~1-611ff]:main():compute-mfcc-feats.cc:181) Processed 60 utterances
VLOG[2] (compute-mfcc-feats[5.5.598~1-611ff]:main():compute-mfcc-feats.cc:182) Processed features for key adult_f-LKSNS05MMCMLDH01b036
VLOG[2] (compute-mfcc-feats[5.5.598~1-611ff]:main():compute-mfcc-feats.cc:182) Processed features for key adult_f-LKSNS05MMCMLDH10a088
VLOG[2] (compute-mfcc-feats[5.5.598~1-611ff]:main():compute-mfcc-feats.cc:182) Processed features for key adult_f-LKSNS05MMOMKYH00a085
VLOG[2] (compute-mfcc-feats[5.5.598~1-611ff]:main():compute-mfcc-feats.cc:182) Processed features for key adult_f-LKSNS15A4AFBIH00a103
VLOG[2] (compute-mfcc-feats[5.5.598~1-611ff]:main():compute-mfcc-feats.cc:182) Processed features for key adult_f-LKSNS15A4AFCHM00a103
VLOG[2] (compute-mfcc-feats[5.5.598~1-611ff]:main():compute-mfcc-feats.cc:182) Processed features for key adult_f-LKSNS15A4AFCJO00a112
VLOG[2] (compute-mfcc-feats[5.5.598~1-611ff]:main():compute-mfcc-feats.cc:182) Processed features for key adult_f-LKSNS15A4AFHJE00a124
VLOG[2] (compute-mfcc-feats[5.5.598~1-611ff]:main():compute-mfcc-feats.cc:182) Processed features for key adult_f-LKSNS15A4AMLJG00a140
VLOG[2] (compute-mfcc-feats[5.5.598~1-611ff]:main():compute-mfcc-feats.cc:182) Processed features for key adult_f-LKSNS15A4AMLNH00a159
VLOG[2] (compute-mfcc-feats[5.5.598~1-611ff]:main():compute-mfcc-feats.cc:182) Processed features for key adult_f-LKSNS15A4AMLSW00a121
LOG (compute-mfcc-feats[5.5.598~1-611ff]:main():compute-mfcc-feats.cc:181) Processed 70 utterances
VLOG[2] (compute-mfcc-feats[5.5.598~1-611ff]:main():compute-mfcc-feats.cc:182) Processed features for key adult_f-LKSNS15A4AMLWK00a099
VLOG[2] (compute-mfcc-feats[5.5.598~1-611ff]:main():compute-mfcc-feats.cc:182) Processed features for key adult_f-LKSNS15A4AMLYH00a175
VLOG[2] (compute-mfcc-feats[5.5.598~1-611ff]:main():compute-mfcc-feats.cc:182) Processed features for key adult_f-LKSNS15A4AMPBS00a112
VLOG[2] (compute-mfcc-feats[5.5.598~1-611ff]:main():compute-mfcc-feats.cc:182) Processed features for key adult_f-LKSNS15A4AMPJS00a064
VLOG[2] (compute-mfcc-feats[5.5.598~1-611ff]:main():compute-mfcc-feats.cc:182) Processed features for key adult_f-LKSNS15A4CMLKH04b115
VLOG[2] (compute-mfcc-feats[5.5.598~1-611ff]:main():compute-mfcc-feats.cc:182) Processed features for key adult_f-LKSNS15A4CMRBM00a031
VLOG[2] (compute-mfcc-feats[5.5.598~1-611ff]:main():compute-mfcc-feats.cc:182) Processed features for key adult_f-LKSNS15A4OFAMS00a080
VLOG[2] (compute-mfcc-feats[5.5.598~1-611ff]:main():compute-mfcc-feats.cc:182) Processed features for key adult_f-LKSNS15A4OFHID01a116
VLOG[2] (compute-mfcc-feats[5.5.598~1-611ff]:main():compute-mfcc-feats.cc:182) Processed features for key adult_f-LKSNS15A4OMLIS01b051
VLOG[2] (compute-mfcc-feats[5.5.598~1-611ff]:main():compute-mfcc-feats.cc:182) Processed features for key adult_f-LPRCL05MMAFHYK00a255
LOG (compute-mfcc-feats[5.5.598~1-611ff]:main():compute-mfcc-feats.cc:181) Processed 80 utterances
VLOG[2] (compute-mfcc-feats[5.5.598~1-611ff]:main():compute-mfcc-feats.cc:182) Processed features for key adult_f-LPRCL05MMAMLWC00a249
VLOG[2] (compute-mfcc-feats[5.5.598~1-611ff]:main():compute-mfcc-feats.cc:182) Processed features for key adult_f-LPRCL05MMAMOCK00a244
VLOG[2] (compute-mfcc-feats[5.5.598~1-611ff]:main():compute-mfcc-feats.cc:182) Processed features for key adult_f-LPRCL05MMCMOWT00a135
VLOG[2] (compute-mfcc-feats[5.5.598~1-611ff]:main():compute-mfcc-feats.cc:182) Processed features for key adult_f-LPRCL15A4OFAMY00a121
VLOG[2] (compute-mfcc-feats[5.5.598~1-611ff]:main():compute-mfcc-feats.cc:182) Processed features for key adult_f-LPRNS15A4AFBSH00a251
VLOG[2] (compute-mfcc-feats[5.5.598~1-611ff]:main():compute-mfcc-feats.cc:182) Processed features for key adult_f-LPRNS15A4AFCSA00a252
VLOG[2] (compute-mfcc-feats[5.5.598~1-611ff]:main():compute-mfcc-feats.cc:182) Processed features for key adult_f-LPRNS15A4AFEEJ00a255
VLOG[2] (compute-mfcc-feats[5.5.598~1-611ff]:main():compute-mfcc-feats.cc:182) Processed features for key adult_f-LPRNS15A4AMLYJ03a242
VLOG[2] (compute-mfcc-feats[5.5.598~1-611ff]:main():compute-mfcc-feats.cc:182) Processed features for key adult_f-LPRNS15A4OMPSH10a124
VLOG[2] (compute-mfcc-feats[5.5.598~1-611ff]:main():compute-mfcc-feats.cc:182) Processed features for key adult_m-MMHS01149
LOG (compute-mfcc-feats[5.5.598~1-611ff]:main():compute-mfcc-feats.cc:181) Processed 90 utterances
VLOG[2] (compute-mfcc-feats[5.5.598~1-611ff]:main():compute-mfcc-feats.cc:182) Processed features for key adult_m-MMMJ01033
VLOG[2] (compute-mfcc-feats[5.5.598~1-611ff]:main():compute-mfcc-feats.cc:182) Processed features for key kid_f-F1BCH1138_030
VLOG[2] (compute-mfcc-feats[5.5.598~1-611ff]:main():compute-mfcc-feats.cc:182) Processed features for key kid_f-F1BSR1064_062
VLOG[2] (compute-mfcc-feats[5.5.598~1-611ff]:main():compute-mfcc-feats.cc:182) Processed features for key kid_f-F1CSC1081_043
VLOG[2] (compute-mfcc-feats[5.5.598~1-611ff]:main():compute-mfcc-feats.cc:182) Processed features for key kid_f-F1GNH1091_016
VLOG[2] (compute-mfcc-feats[5.5.598~1-611ff]:main():compute-mfcc-feats.cc:182) Processed features for key kid_f-F1GSH1082_013
VLOG[2] (compute-mfcc-feats[5.5.598~1-611ff]:main():compute-mfcc-feats.cc:182) Processed features for key kid_f-F1GSO1092_016
VLOG[2] (compute-mfcc-feats[5.5.598~1-611ff]:main():compute-mfcc-feats.cc:182) Processed features for key kid_f-F1GSY1079_008
VLOG[2] (compute-mfcc-feats[5.5.598~1-611ff]:main():compute-mfcc-feats.cc:182) Processed features for key kid_f-F1HSY1125_020
VLOG[2] (compute-mfcc-feats[5.5.598~1-611ff]:main():compute-mfcc-feats.cc:182) Processed features for key kid_f-F1IES1113_043
LOG (compute-mfcc-feats[5.5.598~1-611ff]:main():compute-mfcc-feats.cc:181) Processed 100 utterances
VLOG[2] (compute-mfcc-feats[5.5.598~1-611ff]:main():compute-mfcc-feats.cc:182) Processed features for key kid_f-F1IYN1084_015
VLOG[2] (compute-mfcc-feats[5.5.598~1-611ff]:main():compute-mfcc-feats.cc:182) Processed features for key kid_f-F2CYU1140_015
VLOG[2] (compute-mfcc-feats[5.5.598~1-611ff]:main():compute-mfcc-feats.cc:182) Processed features for key kid_f-F2GJA1086_013
VLOG[2] (compute-mfcc-feats[5.5.598~1-611ff]:main():compute-mfcc-feats.cc:182) Processed features for key kid_f-F2GJM1120_008
VLOG[2] (compute-mfcc-feats[5.5.598~1-611ff]:main():compute-mfcc-feats.cc:182) Processed features for key kid_f-F2GNU1116_003
VLOG[2] (compute-mfcc-feats[5.5.598~1-611ff]:main():compute-mfcc-feats.cc:182) Processed features for key kid_f-F2IES1111_018
VLOG[2] (compute-mfcc-feats[5.5.598~1-611ff]:main():compute-mfcc-feats.cc:182) Processed features for key kid_f-F2IJE1095_008
VLOG[2] (compute-mfcc-feats[5.5.598~1-611ff]:main():compute-mfcc-feats.cc:182) Processed features for key kid_f-F2JEC1099_017
VLOG[2] (compute-mfcc-feats[5.5.598~1-611ff]:main():compute-mfcc-feats.cc:182) Processed features for key kid_f-F2JYW1087_010
VLOG[2] (compute-mfcc-feats[5.5.598~1-611ff]:main():compute-mfcc-feats.cc:182) Processed features for key kid_f-F2MSY1135_011
LOG (compute-mfcc-feats[5.5.598~1-611ff]:main():compute-mfcc-feats.cc:181) Processed 110 utterances
VLOG[2] (compute-mfcc-feats[5.5.598~1-611ff]:main():compute-mfcc-feats.cc:182) Processed features for key kid_f-F3BHY1119_017
VLOG[2] (compute-mfcc-feats[5.5.598~1-611ff]:main():compute-mfcc-feats.cc:182) Processed features for key kid_f-F3BJA1104_029
VLOG[2] (compute-mfcc-feats[5.5.598~1-611ff]:main():compute-mfcc-feats.cc:182) Processed features for key kid_f-F3BJS1131_015
VLOG[2] (compute-mfcc-feats[5.5.598~1-611ff]:main():compute-mfcc-feats.cc:182) Processed features for key kid_f-F3CHM1080_011
VLOG[2] (compute-mfcc-feats[5.5.598~1-611ff]:main():compute-mfcc-feats.cc:182) Processed features for key kid_f-F3CJE1148_006
VLOG[2] (compute-mfcc-feats[5.5.598~1-611ff]:main():compute-mfcc-feats.cc:182) Processed features for key kid_f-F3CYG1101_027
VLOG[2] (compute-mfcc-feats[5.5.598~1-611ff]:main():compute-mfcc-feats.cc:182) Processed features for key kid_f-F3GBH1090_011
VLOG[2] (compute-mfcc-feats[5.5.598~1-611ff]:main():compute-mfcc-feats.cc:182) Processed features for key kid_f-F3GDG1121_028
VLOG[2] (compute-mfcc-feats[5.5.598~1-611ff]:main():compute-mfcc-feats.cc:182) Processed features for key kid_f-F3GDY1126_001
VLOG[2] (compute-mfcc-feats[5.5.598~1-611ff]:main():compute-mfcc-feats.cc:182) Processed features for key kid_f-F3GHA1143_018
LOG (compute-mfcc-feats[5.5.598~1-611ff]:main():compute-mfcc-feats.cc:181) Processed 120 utterances
VLOG[2] (compute-mfcc-feats[5.5.598~1-611ff]:main():compute-mfcc-feats.cc:182) Processed features for key kid_f-F3GHE1107_034
VLOG[2] (compute-mfcc-feats[5.5.598~1-611ff]:main():compute-mfcc-feats.cc:182) Processed features for key kid_f-F3GHS1118_015
VLOG[2] (compute-mfcc-feats[5.5.598~1-611ff]:main():compute-mfcc-feats.cc:182) Processed features for key kid_f-F3GJH1083_017
VLOG[2] (compute-mfcc-feats[5.5.598~1-611ff]:main():compute-mfcc-feats.cc:182) Processed features for key kid_f-F3GNY1115_012
VLOG[2] (compute-mfcc-feats[5.5.598~1-611ff]:main():compute-mfcc-feats.cc:182) Processed features for key kid_f-F3GSE1088_011
VLOG[2] (compute-mfcc-feats[5.5.598~1-611ff]:main():compute-mfcc-feats.cc:182) Processed features for key kid_f-F3GSY1105_011
VLOG[2] (compute-mfcc-feats[5.5.598~1-611ff]:main():compute-mfcc-feats.cc:182) Processed features for key kid_f-F3GTR1078_007
VLOG[2] (compute-mfcc-feats[5.5.598~1-611ff]:main():compute-mfcc-feats.cc:182) Processed features for key kid_f-F3HHJ1150_010
VLOG[2] (compute-mfcc-feats[5.5.598~1-611ff]:main():compute-mfcc-feats.cc:182) Processed features for key kid_f-F3HJJ1139_017
VLOG[2] (compute-mfcc-feats[5.5.598~1-611ff]:main():compute-mfcc-feats.cc:182) Processed features for key kid_f-F3IGY1110_021
LOG (compute-mfcc-feats[5.5.598~1-611ff]:main():compute-mfcc-feats.cc:181) Processed 130 utterances
VLOG[2] (compute-mfcc-feats[5.5.598~1-611ff]:main():compute-mfcc-feats.cc:182) Processed features for key kid_f-F3IJH1076_007
VLOG[2] (compute-mfcc-feats[5.5.598~1-611ff]:main():compute-mfcc-feats.cc:182) Processed features for key kid_f-F3ISE1089_016
VLOG[2] (compute-mfcc-feats[5.5.598~1-611ff]:main():compute-mfcc-feats.cc:182) Processed features for key kid_f-F3IUR1136_016
VLOG[2] (compute-mfcc-feats[5.5.598~1-611ff]:main():compute-mfcc-feats.cc:182) Processed features for key kid_f-F3IYW1108_028
VLOG[2] (compute-mfcc-feats[5.5.598~1-611ff]:main():compute-mfcc-feats.cc:182) Processed features for key kid_f-F3JDY1106_011
VLOG[2] (compute-mfcc-feats[5.5.598~1-611ff]:main():compute-mfcc-feats.cc:182) Processed features for key kid_m-M1GTH1003_015
VLOG[2] (compute-mfcc-feats[5.5.598~1-611ff]:main():compute-mfcc-feats.cc:182) Processed features for key kid_m-M1GUB1049_014
VLOG[2] (compute-mfcc-feats[5.5.598~1-611ff]:main():compute-mfcc-feats.cc:182) Processed features for key kid_m-M1ICH1001_015
VLOG[2] (compute-mfcc-feats[5.5.598~1-611ff]:main():compute-mfcc-feats.cc:182) Processed features for key kid_m-M2BHC1026_009
VLOG[2] (compute-mfcc-feats[5.5.598~1-611ff]:main():compute-mfcc-feats.cc:182) Processed features for key kid_m-M2BJH1013_007
LOG (compute-mfcc-feats[5.5.598~1-611ff]:main():compute-mfcc-feats.cc:181) Processed 140 utterances
VLOG[2] (compute-mfcc-feats[5.5.598~1-611ff]:main():compute-mfcc-feats.cc:182) Processed features for key kid_m-M2BSA1012_013
VLOG[2] (compute-mfcc-feats[5.5.598~1-611ff]:main():compute-mfcc-feats.cc:182) Processed features for key kid_m-M2BSU1069_031
VLOG[2] (compute-mfcc-feats[5.5.598~1-611ff]:main():compute-mfcc-feats.cc:182) Processed features for key kid_m-M2CJH1006_022
VLOG[2] (compute-mfcc-feats[5.5.598~1-611ff]:main():compute-mfcc-feats.cc:182) Processed features for key kid_m-M2CSU1039_007
VLOG[2] (compute-mfcc-feats[5.5.598~1-611ff]:main():compute-mfcc-feats.cc:182) Processed features for key kid_m-M2GJU1035_024
VLOG[2] (compute-mfcc-feats[5.5.598~1-611ff]:main():compute-mfcc-feats.cc:182) Processed features for key kid_m-M2HSW1052_003
VLOG[2] (compute-mfcc-feats[5.5.598~1-611ff]:main():compute-mfcc-feats.cc:182) Processed features for key kid_m-M2IJH1005_003
VLOG[2] (compute-mfcc-feats[5.5.598~1-611ff]:main():compute-mfcc-feats.cc:182) Processed features for key kid_m-M2IJU1145_026
VLOG[2] (compute-mfcc-feats[5.5.598~1-611ff]:main():compute-mfcc-feats.cc:182) Processed features for key kid_m-M3ASH1053_023
VLOG[2] (compute-mfcc-feats[5.5.598~1-611ff]:main():compute-mfcc-feats.cc:182) Processed features for key kid_m-M3BCU1019_013
LOG (compute-mfcc-feats[5.5.598~1-611ff]:main():compute-mfcc-feats.cc:181) Processed 150 utterances
VLOG[2] (compute-mfcc-feats[5.5.598~1-611ff]:main():compute-mfcc-feats.cc:182) Processed features for key kid_m-M3BHH1032_009
VLOG[2] (compute-mfcc-feats[5.5.598~1-611ff]:main():compute-mfcc-feats.cc:182) Processed features for key kid_m-M3BJS1030_023
VLOG[2] (compute-mfcc-feats[5.5.598~1-611ff]:main():compute-mfcc-feats.cc:182) Processed features for key kid_m-M3BSB1011_010
VLOG[2] (compute-mfcc-feats[5.5.598~1-611ff]:main():compute-mfcc-feats.cc:182) Processed features for key kid_m-M3BSJ1004_043
VLOG[2] (compute-mfcc-feats[5.5.598~1-611ff]:main():compute-mfcc-feats.cc:182) Processed features for key kid_m-M3CJH1014_018
VLOG[2] (compute-mfcc-feats[5.5.598~1-611ff]:main():compute-mfcc-feats.cc:182) Processed features for key kid_m-M3CJY1038_024
VLOG[2] (compute-mfcc-feats[5.5.598~1-611ff]:main():compute-mfcc-feats.cc:182) Processed features for key kid_m-M3CYJ1066_007
VLOG[2] (compute-mfcc-feats[5.5.598~1-611ff]:main():compute-mfcc-feats.cc:182) Processed features for key kid_m-M3GDH1036_002
VLOG[2] (compute-mfcc-feats[5.5.598~1-611ff]:main():compute-mfcc-feats.cc:182) Processed features for key kid_m-M3GDY1040_032
VLOG[2] (compute-mfcc-feats[5.5.598~1-611ff]:main():compute-mfcc-feats.cc:182) Processed features for key kid_m-M3GGM1062_019
LOG (compute-mfcc-feats[5.5.598~1-611ff]:main():compute-mfcc-feats.cc:181) Processed 160 utterances
VLOG[2] (compute-mfcc-feats[5.5.598~1-611ff]:main():compute-mfcc-feats.cc:182) Processed features for key kid_m-M3GGS1028_010
VLOG[2] (compute-mfcc-feats[5.5.598~1-611ff]:main():compute-mfcc-feats.cc:182) Processed features for key kid_m-M3GHJ1016_032
VLOG[2] (compute-mfcc-feats[5.5.598~1-611ff]:main():compute-mfcc-feats.cc:182) Processed features for key kid_m-M3GJH1023_014
VLOG[2] (compute-mfcc-feats[5.5.598~1-611ff]:main():compute-mfcc-feats.cc:182) Processed features for key kid_m-M3GJW1048_055
VLOG[2] (compute-mfcc-feats[5.5.598~1-611ff]:main():compute-mfcc-feats.cc:182) Processed features for key kid_m-M3GRJ1025_025
VLOG[2] (compute-mfcc-feats[5.5.598~1-611ff]:main():compute-mfcc-feats.cc:182) Processed features for key kid_m-M3GSM1002_017
VLOG[2] (compute-mfcc-feats[5.5.598~1-611ff]:main():compute-mfcc-feats.cc:182) Processed features for key kid_m-M3GSU1034_038
VLOG[2] (compute-mfcc-feats[5.5.598~1-611ff]:main():compute-mfcc-feats.cc:182) Processed features for key kid_m-M3GTH1065_010
VLOG[2] (compute-mfcc-feats[5.5.598~1-611ff]:main():compute-mfcc-feats.cc:182) Processed features for key kid_m-M3GTY1007_015
VLOG[2] (compute-mfcc-feats[5.5.598~1-611ff]:main():compute-mfcc-feats.cc:182) Processed features for key kid_m-M3GWU1010_021
LOG (compute-mfcc-feats[5.5.598~1-611ff]:main():compute-mfcc-feats.cc:181) Processed 170 utterances
VLOG[2] (compute-mfcc-feats[5.5.598~1-611ff]:main():compute-mfcc-feats.cc:182) Processed features for key kid_m-M3GYM1029_008
VLOG[2] (compute-mfcc-feats[5.5.598~1-611ff]:main():compute-mfcc-feats.cc:182) Processed features for key kid_m-M3IDJ1070_016
VLOG[2] (compute-mfcc-feats[5.5.598~1-611ff]:main():compute-mfcc-feats.cc:182) Processed features for key kid_m-M3IGJ1022_009
VLOG[2] (compute-mfcc-feats[5.5.598~1-611ff]:main():compute-mfcc-feats.cc:182) Processed features for key kid_m-M3IHJ1042_024
VLOG[2] (compute-mfcc-feats[5.5.598~1-611ff]:main():compute-mfcc-feats.cc:182) Processed features for key kid_m-M3IJH1041_038
VLOG[2] (compute-mfcc-feats[5.5.598~1-611ff]:main():compute-mfcc-feats.cc:182) Processed features for key kid_m-M3IJY1024_005
VLOG[2] (compute-mfcc-feats[5.5.598~1-611ff]:main():compute-mfcc-feats.cc:182) Processed features for key kid_m-M3ISP1044_020
VLOG[2] (compute-mfcc-feats[5.5.598~1-611ff]:main():compute-mfcc-feats.cc:182) Processed features for key kid_m-M3IYJ1060_036
VLOG[2] (compute-mfcc-feats[5.5.598~1-611ff]:main():compute-mfcc-feats.cc:182) Processed features for key kid_m-M3JSW1045_012
VLOG[2] (compute-mfcc-feats[5.5.598~1-611ff]:main():compute-mfcc-feats.cc:182) Processed features for key kid_m-M3JYC1015_031
LOG (compute-mfcc-feats[5.5.598~1-611ff]:main():compute-mfcc-feats.cc:181) Processed 180 utterances
VLOG[2] (compute-mfcc-feats[5.5.598~1-611ff]:main():compute-mfcc-feats.cc:182) Processed features for key kid_m-M3MHY1037_014
VLOG[2] (compute-mfcc-feats[5.5.598~1-611ff]:main():compute-mfcc-feats.cc:182) Processed features for key senior_f-0051_030
VLOG[2] (compute-mfcc-feats[5.5.598~1-611ff]:main():compute-mfcc-feats.cc:182) Processed features for key senior_f-0052_035
VLOG[2] (compute-mfcc-feats[5.5.598~1-611ff]:main():compute-mfcc-feats.cc:182) Processed features for key senior_f-0053_015
VLOG[2] (compute-mfcc-feats[5.5.598~1-611ff]:main():compute-mfcc-feats.cc:182) Processed features for key senior_f-0054_098
VLOG[2] (compute-mfcc-feats[5.5.598~1-611ff]:main():compute-mfcc-feats.cc:182) Processed features for key senior_f-0056_026
VLOG[2] (compute-mfcc-feats[5.5.598~1-611ff]:main():compute-mfcc-feats.cc:182) Processed features for key senior_f-0058_011
VLOG[2] (compute-mfcc-feats[5.5.598~1-611ff]:main():compute-mfcc-feats.cc:182) Processed features for key senior_f-0059_012
VLOG[2] (compute-mfcc-feats[5.5.598~1-611ff]:main():compute-mfcc-feats.cc:182) Processed features for key senior_f-0060_025
VLOG[2] (compute-mfcc-feats[5.5.598~1-611ff]:main():compute-mfcc-feats.cc:182) Processed features for key senior_f-0061_067
LOG (compute-mfcc-feats[5.5.598~1-611ff]:main():compute-mfcc-feats.cc:181) Processed 190 utterances
VLOG[2] (compute-mfcc-feats[5.5.598~1-611ff]:main():compute-mfcc-feats.cc:182) Processed features for key senior_f-0064_071
VLOG[2] (compute-mfcc-feats[5.5.598~1-611ff]:main():compute-mfcc-feats.cc:182) Processed features for key senior_f-0065_054
VLOG[2] (compute-mfcc-feats[5.5.598~1-611ff]:main():compute-mfcc-feats.cc:182) Processed features for key senior_f-0068_053
VLOG[2] (compute-mfcc-feats[5.5.598~1-611ff]:main():compute-mfcc-feats.cc:182) Processed features for key senior_f-0069_016
VLOG[2] (compute-mfcc-feats[5.5.598~1-611ff]:main():compute-mfcc-feats.cc:182) Processed features for key senior_f-0070_024
VLOG[2] (compute-mfcc-feats[5.5.598~1-611ff]:main():compute-mfcc-feats.cc:182) Processed features for key senior_f-0071_056
VLOG[2] (compute-mfcc-feats[5.5.598~1-611ff]:main():compute-mfcc-feats.cc:182) Processed features for key senior_f-0072_071
VLOG[2] (compute-mfcc-feats[5.5.598~1-611ff]:main():compute-mfcc-feats.cc:182) Processed features for key senior_f-0073_016
VLOG[2] (compute-mfcc-feats[5.5.598~1-611ff]:main():compute-mfcc-feats.cc:182) Processed features for key senior_f-0074_064
VLOG[2] (compute-mfcc-feats[5.5.598~1-611ff]:main():compute-mfcc-feats.cc:182) Processed features for key senior_f-0075_011
LOG (compute-mfcc-feats[5.5.598~1-611ff]:main():compute-mfcc-feats.cc:181) Processed 200 utterances
VLOG[2] (compute-mfcc-feats[5.5.598~1-611ff]:main():compute-mfcc-feats.cc:182) Processed features for key senior_f-0076_090
VLOG[2] (compute-mfcc-feats[5.5.598~1-611ff]:main():compute-mfcc-feats.cc:182) Processed features for key senior_f-0078_052
VLOG[2] (compute-mfcc-feats[5.5.598~1-611ff]:main():compute-mfcc-feats.cc:182) Processed features for key senior_f-0079_003
VLOG[2] (compute-mfcc-feats[5.5.598~1-611ff]:main():compute-mfcc-feats.cc:182) Processed features for key senior_f-0080_053
VLOG[2] (compute-mfcc-feats[5.5.598~1-611ff]:main():compute-mfcc-feats.cc:182) Processed features for key senior_f-0081_078
VLOG[2] (compute-mfcc-feats[5.5.598~1-611ff]:main():compute-mfcc-feats.cc:182) Processed features for key senior_f-0082_004
VLOG[2] (compute-mfcc-feats[5.5.598~1-611ff]:main():compute-mfcc-feats.cc:182) Processed features for key senior_f-0083_095
VLOG[2] (compute-mfcc-feats[5.5.598~1-611ff]:main():compute-mfcc-feats.cc:182) Processed features for key senior_f-0084_007
VLOG[2] (compute-mfcc-feats[5.5.598~1-611ff]:main():compute-mfcc-feats.cc:182) Processed features for key senior_f-0085_094
VLOG[2] (compute-mfcc-feats[5.5.598~1-611ff]:main():compute-mfcc-feats.cc:182) Processed features for key senior_f-0086_030
LOG (compute-mfcc-feats[5.5.598~1-611ff]:main():compute-mfcc-feats.cc:181) Processed 210 utterances
VLOG[2] (compute-mfcc-feats[5.5.598~1-611ff]:main():compute-mfcc-feats.cc:182) Processed features for key senior_f-0087_042
VLOG[2] (compute-mfcc-feats[5.5.598~1-611ff]:main():compute-mfcc-feats.cc:182) Processed features for key senior_f-0088_012
VLOG[2] (compute-mfcc-feats[5.5.598~1-611ff]:main():compute-mfcc-feats.cc:182) Processed features for key senior_f-0089_005
VLOG[2] (compute-mfcc-feats[5.5.598~1-611ff]:main():compute-mfcc-feats.cc:182) Processed features for key senior_f-0090_025
VLOG[2] (compute-mfcc-feats[5.5.598~1-611ff]:main():compute-mfcc-feats.cc:182) Processed features for key senior_f-0091_074
VLOG[2] (compute-mfcc-feats[5.5.598~1-611ff]:main():compute-mfcc-feats.cc:182) Processed features for key senior_f-0092_090
VLOG[2] (compute-mfcc-feats[5.5.598~1-611ff]:main():compute-mfcc-feats.cc:182) Processed features for key senior_f-0093_032
VLOG[2] (compute-mfcc-feats[5.5.598~1-611ff]:main():compute-mfcc-feats.cc:182) Processed features for key senior_f-0096_078
VLOG[2] (compute-mfcc-feats[5.5.598~1-611ff]:main():compute-mfcc-feats.cc:182) Processed features for key senior_f-0098_041
VLOG[2] (compute-mfcc-feats[5.5.598~1-611ff]:main():compute-mfcc-feats.cc:182) Processed features for key senior_f-0100_059
LOG (compute-mfcc-feats[5.5.598~1-611ff]:main():compute-mfcc-feats.cc:181) Processed 220 utterances
VLOG[2] (compute-mfcc-feats[5.5.598~1-611ff]:main():compute-mfcc-feats.cc:182) Processed features for key senior_m-0001_063
VLOG[2] (compute-mfcc-feats[5.5.598~1-611ff]:main():compute-mfcc-feats.cc:182) Processed features for key senior_m-0002_064
VLOG[2] (compute-mfcc-feats[5.5.598~1-611ff]:main():compute-mfcc-feats.cc:182) Processed features for key senior_m-0003_002
VLOG[2] (compute-mfcc-feats[5.5.598~1-611ff]:main():compute-mfcc-feats.cc:182) Processed features for key senior_m-0004_040
VLOG[2] (compute-mfcc-feats[5.5.598~1-611ff]:main():compute-mfcc-feats.cc:182) Processed features for key senior_m-0005_083
VLOG[2] (compute-mfcc-feats[5.5.598~1-611ff]:main():compute-mfcc-feats.cc:182) Processed features for key senior_m-0006_100
VLOG[2] (compute-mfcc-feats[5.5.598~1-611ff]:main():compute-mfcc-feats.cc:182) Processed features for key senior_m-0007_034
VLOG[2] (compute-mfcc-feats[5.5.598~1-611ff]:main():compute-mfcc-feats.cc:182) Processed features for key senior_m-0009_051
VLOG[2] (compute-mfcc-feats[5.5.598~1-611ff]:main():compute-mfcc-feats.cc:182) Processed features for key senior_m-0010_101
VLOG[2] (compute-mfcc-feats[5.5.598~1-611ff]:main():compute-mfcc-feats.cc:182) Processed features for key senior_m-0011_011
LOG (compute-mfcc-feats[5.5.598~1-611ff]:main():compute-mfcc-feats.cc:181) Processed 230 utterances
VLOG[2] (compute-mfcc-feats[5.5.598~1-611ff]:main():compute-mfcc-feats.cc:182) Processed features for key senior_m-0012_070
VLOG[2] (compute-mfcc-feats[5.5.598~1-611ff]:main():compute-mfcc-feats.cc:182) Processed features for key senior_m-0013_093
VLOG[2] (compute-mfcc-feats[5.5.598~1-611ff]:main():compute-mfcc-feats.cc:182) Processed features for key senior_m-0014_020
VLOG[2] (compute-mfcc-feats[5.5.598~1-611ff]:main():compute-mfcc-feats.cc:182) Processed features for key senior_m-0015_092
VLOG[2] (compute-mfcc-feats[5.5.598~1-611ff]:main():compute-mfcc-feats.cc:182) Processed features for key senior_m-0017_029
VLOG[2] (compute-mfcc-feats[5.5.598~1-611ff]:main():compute-mfcc-feats.cc:182) Processed features for key senior_m-0018_098
VLOG[2] (compute-mfcc-feats[5.5.598~1-611ff]:main():compute-mfcc-feats.cc:182) Processed features for key senior_m-0019_086
VLOG[2] (compute-mfcc-feats[5.5.598~1-611ff]:main():compute-mfcc-feats.cc:182) Processed features for key senior_m-0020_020
VLOG[2] (compute-mfcc-feats[5.5.598~1-611ff]:main():compute-mfcc-feats.cc:182) Processed features for key senior_m-0021_044
VLOG[2] (compute-mfcc-feats[5.5.598~1-611ff]:main():compute-mfcc-feats.cc:182) Processed features for key senior_m-0022_107
LOG (compute-mfcc-feats[5.5.598~1-611ff]:main():compute-mfcc-feats.cc:181) Processed 240 utterances
VLOG[2] (compute-mfcc-feats[5.5.598~1-611ff]:main():compute-mfcc-feats.cc:182) Processed features for key senior_m-0023_007
VLOG[2] (compute-mfcc-feats[5.5.598~1-611ff]:main():compute-mfcc-feats.cc:182) Processed features for key senior_m-0024_084
VLOG[2] (compute-mfcc-feats[5.5.598~1-611ff]:main():compute-mfcc-feats.cc:182) Processed features for key senior_m-0026_074
VLOG[2] (compute-mfcc-feats[5.5.598~1-611ff]:main():compute-mfcc-feats.cc:182) Processed features for key senior_m-0027_013
VLOG[2] (compute-mfcc-feats[5.5.598~1-611ff]:main():compute-mfcc-feats.cc:182) Processed features for key senior_m-0028_042
VLOG[2] (compute-mfcc-feats[5.5.598~1-611ff]:main():compute-mfcc-feats.cc:182) Processed features for key senior_m-0029_010
VLOG[2] (compute-mfcc-feats[5.5.598~1-611ff]:main():compute-mfcc-feats.cc:182) Processed features for key senior_m-0029_053
VLOG[2] (compute-mfcc-feats[5.5.598~1-611ff]:main():compute-mfcc-feats.cc:182) Processed features for key senior_m-0031_030
VLOG[2] (compute-mfcc-feats[5.5.598~1-611ff]:main():compute-mfcc-feats.cc:182) Processed features for key senior_m-0032_043
VLOG[2] (compute-mfcc-feats[5.5.598~1-611ff]:main():compute-mfcc-feats.cc:182) Processed features for key senior_m-0033_022
LOG (compute-mfcc-feats[5.5.598~1-611ff]:main():compute-mfcc-feats.cc:181) Processed 250 utterances
VLOG[2] (compute-mfcc-feats[5.5.598~1-611ff]:main():compute-mfcc-feats.cc:182) Processed features for key senior_m-0035_021
VLOG[2] (compute-mfcc-feats[5.5.598~1-611ff]:main():compute-mfcc-feats.cc:182) Processed features for key senior_m-0036_090
VLOG[2] (compute-mfcc-feats[5.5.598~1-611ff]:main():compute-mfcc-feats.cc:182) Processed features for key senior_m-0037_027
VLOG[2] (compute-mfcc-feats[5.5.598~1-611ff]:main():compute-mfcc-feats.cc:182) Processed features for key senior_m-0038_020
VLOG[2] (compute-mfcc-feats[5.5.598~1-611ff]:main():compute-mfcc-feats.cc:182) Processed features for key senior_m-0039_063
VLOG[2] (compute-mfcc-feats[5.5.598~1-611ff]:main():compute-mfcc-feats.cc:182) Processed features for key senior_m-0039_075
VLOG[2] (compute-mfcc-feats[5.5.598~1-611ff]:main():compute-mfcc-feats.cc:182) Processed features for key senior_m-0039_086
VLOG[2] (compute-mfcc-feats[5.5.598~1-611ff]:main():compute-mfcc-feats.cc:182) Processed features for key senior_m-0039_088
VLOG[2] (compute-mfcc-feats[5.5.598~1-611ff]:main():compute-mfcc-feats.cc:182) Processed features for key senior_m-0039_090
VLOG[2] (compute-mfcc-feats[5.5.598~1-611ff]:main():compute-mfcc-feats.cc:182) Processed features for key senior_m-0039_094
LOG (compute-mfcc-feats[5.5.598~1-611ff]:main():compute-mfcc-feats.cc:181) Processed 260 utterances
VLOG[2] (compute-mfcc-feats[5.5.598~1-611ff]:main():compute-mfcc-feats.cc:182) Processed features for key senior_m-0039_095
VLOG[2] (compute-mfcc-feats[5.5.598~1-611ff]:main():compute-mfcc-feats.cc:182) Processed features for key senior_m-0039_096
VLOG[2] (compute-mfcc-feats[5.5.598~1-611ff]:main():compute-mfcc-feats.cc:182) Processed features for key senior_m-0039_098
VLOG[2] (compute-mfcc-feats[5.5.598~1-611ff]:main():compute-mfcc-feats.cc:182) Processed features for key senior_m-0039_099
VLOG[2] (compute-mfcc-feats[5.5.598~1-611ff]:main():compute-mfcc-feats.cc:182) Processed features for key senior_m-0042_097
VLOG[2] (compute-mfcc-feats[5.5.598~1-611ff]:main():compute-mfcc-feats.cc:182) Processed features for key senior_m-0043_038
VLOG[2] (compute-mfcc-feats[5.5.598~1-611ff]:main():compute-mfcc-feats.cc:182) Processed features for key senior_m-0044_043
VLOG[2] (compute-mfcc-feats[5.5.598~1-611ff]:main():compute-mfcc-feats.cc:182) Processed features for key senior_m-0045_027
VLOG[2] (compute-mfcc-feats[5.5.598~1-611ff]:main():compute-mfcc-feats.cc:182) Processed features for key senior_m-0046_058
VLOG[2] (compute-mfcc-feats[5.5.598~1-611ff]:main():compute-mfcc-feats.cc:182) Processed features for key senior_m-0048_060
LOG (compute-mfcc-feats[5.5.598~1-611ff]:main():compute-mfcc-feats.cc:181) Processed 270 utterances
VLOG[2] (compute-mfcc-feats[5.5.598~1-611ff]:main():compute-mfcc-feats.cc:182) Processed features for key senior_m-0049_017
LOG (compute-mfcc-feats[5.5.598~1-611ff]:main():compute-mfcc-feats.cc:185)  Done 270 out of 270 utterances.
LOG (copy-feats[5.5.598~1-611ff]:main():copy-feats.cc:143) Copied 270 feature matrices.
# Accounting: time=3 threads=1
# Ended (code 0) at Tue Nov 24 11:14:45 KST 2020, elapsed time 3 seconds
