# compute-mfcc-feats --write-utt2dur=ark,t:/home/mi/PycharmProjects/CESLeA/SpeakerDiarization/diarization_online/preprocess_log/make_mfcc/utt2dur.1 --verbose=2 --config=conf/mfcc.conf scp,p:/home/mi/PycharmProjects/CESLeA/SpeakerDiarization/diarization_online/preprocess_log/make_mfcc/wav_spkrs.1.scp ark:- | copy-feats --write-num-frames=ark,t:/home/mi/PycharmProjects/CESLeA/SpeakerDiarization/diarization_online/preprocess_log/make_mfcc/utt2num_frames.1 --compress=true ark:- ark,scp:/home/mi/PycharmProjects/CESLeA/SpeakerDiarization/diarization_online/mfcc/raw_mfcc_spkrs.1.ark,/home/mi/PycharmProjects/CESLeA/SpeakerDiarization/diarization_online/mfcc/raw_mfcc_spkrs.1.scp 
# Started at Thu Feb 13 10:40:44 KST 2020
#
copy-feats --write-num-frames=ark,t:/home/mi/PycharmProjects/CESLeA/SpeakerDiarization/diarization_online/preprocess_log/make_mfcc/utt2num_frames.1 --compress=true ark:- ark,scp:/home/mi/PycharmProjects/CESLeA/SpeakerDiarization/diarization_online/mfcc/raw_mfcc_spkrs.1.ark,/home/mi/PycharmProjects/CESLeA/SpeakerDiarization/diarization_online/mfcc/raw_mfcc_spkrs.1.scp 
compute-mfcc-feats --write-utt2dur=ark,t:/home/mi/PycharmProjects/CESLeA/SpeakerDiarization/diarization_online/preprocess_log/make_mfcc/utt2dur.1 --verbose=2 --config=conf/mfcc.conf scp,p:/home/mi/PycharmProjects/CESLeA/SpeakerDiarization/diarization_online/preprocess_log/make_mfcc/wav_spkrs.1.scp ark:- 
VLOG[2] (compute-mfcc-feats[5.5.598~1-611ff]:main():compute-mfcc-feats.cc:182) Processed features for key 0000-2020_02_12_15_29_30_0
VLOG[2] (compute-mfcc-feats[5.5.598~1-611ff]:main():compute-mfcc-feats.cc:182) Processed features for key 0000-2020_02_12_15_29_56_1
VLOG[2] (compute-mfcc-feats[5.5.598~1-611ff]:main():compute-mfcc-feats.cc:182) Processed features for key 0000-2020_02_12_15_31_22_2
VLOG[2] (compute-mfcc-feats[5.5.598~1-611ff]:main():compute-mfcc-feats.cc:182) Processed features for key 0000-2020_02_12_15_31_39_3
VLOG[2] (compute-mfcc-feats[5.5.598~1-611ff]:main():compute-mfcc-feats.cc:182) Processed features for key 0000-2020_02_12_15_32_00_4
VLOG[2] (compute-mfcc-feats[5.5.598~1-611ff]:main():compute-mfcc-feats.cc:182) Processed features for key 0000-2020_02_12_15_32_16_5
VLOG[2] (compute-mfcc-feats[5.5.598~1-611ff]:main():compute-mfcc-feats.cc:182) Processed features for key 0000-2020_02_12_15_32_29_6
VLOG[2] (compute-mfcc-feats[5.5.598~1-611ff]:main():compute-mfcc-feats.cc:182) Processed features for key 0000-2020_02_12_15_32_41_7
VLOG[2] (compute-mfcc-feats[5.5.598~1-611ff]:main():compute-mfcc-feats.cc:182) Processed features for key 0000-2020_02_12_15_33_03_8
LOG (compute-mfcc-feats[5.5.598~1-611ff]:main():compute-mfcc-feats.cc:181) Processed 10 utterances
VLOG[2] (compute-mfcc-feats[5.5.598~1-611ff]:main():compute-mfcc-feats.cc:182) Processed features for key 0000-2020_02_12_15_33_31_9
VLOG[2] (compute-mfcc-feats[5.5.598~1-611ff]:main():compute-mfcc-feats.cc:182) Processed features for key 0001-2020_02_12_15_36_19_0
VLOG[2] (compute-mfcc-feats[5.5.598~1-611ff]:main():compute-mfcc-feats.cc:182) Processed features for key 0001-2020_02_12_15_36_34_1
VLOG[2] (compute-mfcc-feats[5.5.598~1-611ff]:main():compute-mfcc-feats.cc:182) Processed features for key 0001-2020_02_12_15_36_55_2
VLOG[2] (compute-mfcc-feats[5.5.598~1-611ff]:main():compute-mfcc-feats.cc:182) Processed features for key 0001-2020_02_12_15_37_10_3
VLOG[2] (compute-mfcc-feats[5.5.598~1-611ff]:main():compute-mfcc-feats.cc:182) Processed features for key 0001-2020_02_12_15_37_34_4
VLOG[2] (compute-mfcc-feats[5.5.598~1-611ff]:main():compute-mfcc-feats.cc:182) Processed features for key 0001-2020_02_12_15_37_59_5
VLOG[2] (compute-mfcc-feats[5.5.598~1-611ff]:main():compute-mfcc-feats.cc:182) Processed features for key 0001-2020_02_12_15_38_42_6
VLOG[2] (compute-mfcc-feats[5.5.598~1-611ff]:main():compute-mfcc-feats.cc:182) Processed features for key 0001-2020_02_12_15_39_38_7
VLOG[2] (compute-mfcc-feats[5.5.598~1-611ff]:main():compute-mfcc-feats.cc:182) Processed features for key 0001-2020_02_12_15_40_03_8
LOG (compute-mfcc-feats[5.5.598~1-611ff]:main():compute-mfcc-feats.cc:181) Processed 20 utterances
VLOG[2] (compute-mfcc-feats[5.5.598~1-611ff]:main():compute-mfcc-feats.cc:182) Processed features for key 0001-2020_02_12_15_40_27_9
VLOG[2] (compute-mfcc-feats[5.5.598~1-611ff]:main():compute-mfcc-feats.cc:182) Processed features for key 0002-2020_02_12_15_43_38_0
VLOG[2] (compute-mfcc-feats[5.5.598~1-611ff]:main():compute-mfcc-feats.cc:182) Processed features for key 0002-2020_02_12_15_43_55_1
VLOG[2] (compute-mfcc-feats[5.5.598~1-611ff]:main():compute-mfcc-feats.cc:182) Processed features for key 0002-2020_02_12_15_44_16_2
VLOG[2] (compute-mfcc-feats[5.5.598~1-611ff]:main():compute-mfcc-feats.cc:182) Processed features for key 0002-2020_02_12_15_44_37_3
VLOG[2] (compute-mfcc-feats[5.5.598~1-611ff]:main():compute-mfcc-feats.cc:182) Processed features for key 0002-2020_02_12_15_44_55_4
VLOG[2] (compute-mfcc-feats[5.5.598~1-611ff]:main():compute-mfcc-feats.cc:182) Processed features for key 0002-2020_02_12_15_45_13_5
VLOG[2] (compute-mfcc-feats[5.5.598~1-611ff]:main():compute-mfcc-feats.cc:182) Processed features for key 0002-2020_02_12_15_45_29_6
VLOG[2] (compute-mfcc-feats[5.5.598~1-611ff]:main():compute-mfcc-feats.cc:182) Processed features for key 0002-2020_02_12_15_45_50_7
VLOG[2] (compute-mfcc-feats[5.5.598~1-611ff]:main():compute-mfcc-feats.cc:182) Processed features for key 0002-2020_02_12_15_46_08_8
LOG (compute-mfcc-feats[5.5.598~1-611ff]:main():compute-mfcc-feats.cc:181) Processed 30 utterances
VLOG[2] (compute-mfcc-feats[5.5.598~1-611ff]:main():compute-mfcc-feats.cc:182) Processed features for key 0002-2020_02_12_15_46_31_9
VLOG[2] (compute-mfcc-feats[5.5.598~1-611ff]:main():compute-mfcc-feats.cc:182) Processed features for key 0003-2020_02_12_15_47_37_0
VLOG[2] (compute-mfcc-feats[5.5.598~1-611ff]:main():compute-mfcc-feats.cc:182) Processed features for key 0003-2020_02_12_15_47_50_1
VLOG[2] (compute-mfcc-feats[5.5.598~1-611ff]:main():compute-mfcc-feats.cc:182) Processed features for key 0003-2020_02_12_15_48_03_2
VLOG[2] (compute-mfcc-feats[5.5.598~1-611ff]:main():compute-mfcc-feats.cc:182) Processed features for key 0003-2020_02_12_15_48_18_3
VLOG[2] (compute-mfcc-feats[5.5.598~1-611ff]:main():compute-mfcc-feats.cc:182) Processed features for key 0003-2020_02_12_15_48_32_4
VLOG[2] (compute-mfcc-feats[5.5.598~1-611ff]:main():compute-mfcc-feats.cc:182) Processed features for key 0003-2020_02_12_15_48_41_5
VLOG[2] (compute-mfcc-feats[5.5.598~1-611ff]:main():compute-mfcc-feats.cc:182) Processed features for key 0003-2020_02_12_15_48_53_6
VLOG[2] (compute-mfcc-feats[5.5.598~1-611ff]:main():compute-mfcc-feats.cc:182) Processed features for key 0003-2020_02_12_15_49_08_7
VLOG[2] (compute-mfcc-feats[5.5.598~1-611ff]:main():compute-mfcc-feats.cc:182) Processed features for key 0003-2020_02_12_15_49_18_8
LOG (compute-mfcc-feats[5.5.598~1-611ff]:main():compute-mfcc-feats.cc:181) Processed 40 utterances
VLOG[2] (compute-mfcc-feats[5.5.598~1-611ff]:main():compute-mfcc-feats.cc:182) Processed features for key 0003-2020_02_12_15_49_34_9
VLOG[2] (compute-mfcc-feats[5.5.598~1-611ff]:main():compute-mfcc-feats.cc:182) Processed features for key 0004-2020_02_12_16_09_27_0
VLOG[2] (compute-mfcc-feats[5.5.598~1-611ff]:main():compute-mfcc-feats.cc:182) Processed features for key 0004-2020_02_12_16_09_57_1
VLOG[2] (compute-mfcc-feats[5.5.598~1-611ff]:main():compute-mfcc-feats.cc:182) Processed features for key 0004-2020_02_12_16_10_21_2
VLOG[2] (compute-mfcc-feats[5.5.598~1-611ff]:main():compute-mfcc-feats.cc:182) Processed features for key 0004-2020_02_12_16_10_38_3
VLOG[2] (compute-mfcc-feats[5.5.598~1-611ff]:main():compute-mfcc-feats.cc:182) Processed features for key 0004-2020_02_12_16_11_00_4
VLOG[2] (compute-mfcc-feats[5.5.598~1-611ff]:main():compute-mfcc-feats.cc:182) Processed features for key 0004-2020_02_12_16_11_21_5
VLOG[2] (compute-mfcc-feats[5.5.598~1-611ff]:main():compute-mfcc-feats.cc:182) Processed features for key 0004-2020_02_12_16_11_51_6
VLOG[2] (compute-mfcc-feats[5.5.598~1-611ff]:main():compute-mfcc-feats.cc:182) Processed features for key 0004-2020_02_12_16_12_16_7
VLOG[2] (compute-mfcc-feats[5.5.598~1-611ff]:main():compute-mfcc-feats.cc:182) Processed features for key 0004-2020_02_12_16_12_34_8
LOG (compute-mfcc-feats[5.5.598~1-611ff]:main():compute-mfcc-feats.cc:181) Processed 50 utterances
VLOG[2] (compute-mfcc-feats[5.5.598~1-611ff]:main():compute-mfcc-feats.cc:182) Processed features for key 0004-2020_02_12_16_13_14_9
VLOG[2] (compute-mfcc-feats[5.5.598~1-611ff]:main():compute-mfcc-feats.cc:182) Processed features for key 0005-2020_02_13_10_37_46_0
VLOG[2] (compute-mfcc-feats[5.5.598~1-611ff]:main():compute-mfcc-feats.cc:182) Processed features for key 0005-2020_02_13_10_37_52_1
VLOG[2] (compute-mfcc-feats[5.5.598~1-611ff]:main():compute-mfcc-feats.cc:182) Processed features for key 0005-2020_02_13_10_37_57_2
VLOG[2] (compute-mfcc-feats[5.5.598~1-611ff]:main():compute-mfcc-feats.cc:182) Processed features for key 0005-2020_02_13_10_38_04_3
VLOG[2] (compute-mfcc-feats[5.5.598~1-611ff]:main():compute-mfcc-feats.cc:182) Processed features for key 0005-2020_02_13_10_38_10_4
VLOG[2] (compute-mfcc-feats[5.5.598~1-611ff]:main():compute-mfcc-feats.cc:182) Processed features for key 0005-2020_02_13_10_38_17_5
VLOG[2] (compute-mfcc-feats[5.5.598~1-611ff]:main():compute-mfcc-feats.cc:182) Processed features for key 0005-2020_02_13_10_38_22_6
VLOG[2] (compute-mfcc-feats[5.5.598~1-611ff]:main():compute-mfcc-feats.cc:182) Processed features for key 0005-2020_02_13_10_38_40_8
VLOG[2] (compute-mfcc-feats[5.5.598~1-611ff]:main():compute-mfcc-feats.cc:182) Processed features for key 0005-2020_02_13_10_38_48_9
LOG (compute-mfcc-feats[5.5.598~1-611ff]:main():compute-mfcc-feats.cc:185)  Done 59 out of 59 utterances.
LOG (copy-feats[5.5.598~1-611ff]:main():copy-feats.cc:143) Copied 59 feature matrices.
# Accounting: time=1 threads=1
# Ended (code 0) at Thu Feb 13 10:40:45 KST 2020, elapsed time 1 seconds
