# nnet/wrap/extract_wrapper.sh --gpuid -1 --env tf_cpu --min-chunk-size 25 --chunk-size 10000 --normalize false --node output /home/mi/PycharmProjects/CESLeA/AgeRecog/online/basemodel/xvector_nnet_pretrain "ark:apply-cmvn-sliding --norm-vars=false --center=true --cmn-window=300 scp:/home/mi/PycharmProjects/CESLeA/AgeRecog/online/data/spkrs/split1/1/feats.scp ark:- | select-voiced-frames ark:- scp,s,cs:/home/mi/PycharmProjects/CESLeA/AgeRecog/online/data/spkrs/split1/1/vad.scp ark:- |" "ark:| copy-vector ark:- ark,scp:/home/mi/PycharmProjects/CESLeA/AgeRecog/online/basemodel/xvector_nnet_pretrain/xvectors/xvector.1.ark,/home/mi/PycharmProjects/CESLeA/AgeRecog/online/basemodel/xvector_nnet_pretrain/xvectors/xvector.1.scp" 
# Started at Mon Nov 23 16:18:50 KST 2020
#
INFO:tensorflow:Extract embedding from output
2020-11-23 16:18:51.630055: I tensorflow/core/platform/cpu_feature_guard.cc:141] Your CPU supports instructions that this TensorFlow binary was not compiled to use: AVX2 FMA
INFO:tensorflow:Extract embedding from node output
WARNING:tensorflow:From /media/mi/data/PycharmProjects/CESLeA/AgeRecog/extractor/model/pooling.py:23: calling reduce_mean (from tensorflow.python.ops.math_ops) with keep_dims is deprecated and will be removed in a future version.
Instructions for updating:
keep_dims is deprecated, use keepdims instead
copy-vector ark:- ark,scp:/home/mi/PycharmProjects/CESLeA/AgeRecog/online/basemodel/xvector_nnet_pretrain/xvectors/xvector.1.ark,/home/mi/PycharmProjects/CESLeA/AgeRecog/online/basemodel/xvector_nnet_pretrain/xvectors/xvector.1.scp 
select-voiced-frames ark:- scp,s,cs:/home/mi/PycharmProjects/CESLeA/AgeRecog/online/data/spkrs/split1/1/vad.scp ark:- 
apply-cmvn-sliding --norm-vars=false --center=true --cmn-window=300 scp:/home/mi/PycharmProjects/CESLeA/AgeRecog/online/data/spkrs/split1/1/feats.scp ark:- 
INFO:tensorflow:[INFO] Key jjw-jjw1 length 283.
INFO:tensorflow:Reading checkpoints...
INFO:tensorflow:Restoring parameters from /home/mi/PycharmProjects/CESLeA/AgeRecog/online/basemodel/xvector_nnet_pretrain/nnet/model-2610000
INFO:tensorflow:Succeed to load checkpoint model-2610000
INFO:tensorflow:[INFO] Key jjw-jjw10 length 669.
INFO:tensorflow:[INFO] Key jjw-jjw2 length 875.
INFO:tensorflow:[INFO] Key jjw-jjw3 length 572.
INFO:tensorflow:[INFO] Key jjw-jjw4 length 828.
INFO:tensorflow:[INFO] Key jjw-jjw5 length 734.
INFO:tensorflow:[INFO] Key jjw-jjw6 length 580.
INFO:tensorflow:[INFO] Key jjw-jjw7 length 637.
INFO:tensorflow:[INFO] Key jjw-jjw8 length 558.
INFO:tensorflow:[INFO] Key jjw-jjw9 length 958.
INFO:tensorflow:[INFO] Key kms-kms1 length 312.
INFO:tensorflow:[INFO] Key kms-kms10 length 717.
INFO:tensorflow:[INFO] Key kms-kms2 length 672.
INFO:tensorflow:[INFO] Key kms-kms3 length 769.
INFO:tensorflow:[INFO] Key kms-kms4 length 493.
INFO:tensorflow:[INFO] Key kms-kms5 length 887.
INFO:tensorflow:[INFO] Key kms-kms6 length 676.
INFO:tensorflow:[INFO] Key kms-kms7 length 535.
INFO:tensorflow:[INFO] Key kms-kms8 length 1061.
INFO:tensorflow:[INFO] Key kms-kms9 length 769.
INFO:tensorflow:[INFO] Key kst-kst1 length 719.
INFO:tensorflow:[INFO] Key kst-kst10 length 422.
INFO:tensorflow:[INFO] Key kst-kst2 length 243.
INFO:tensorflow:[INFO] Key kst-kst3 length 397.
INFO:tensorflow:[INFO] Key kst-kst4 length 542.
INFO:tensorflow:[INFO] Key kst-kst5 length 239.
INFO:tensorflow:[INFO] Key kst-kst6 length 329.
INFO:tensorflow:[INFO] Key kst-kst7 length 451.
INFO:tensorflow:[INFO] Key kst-kst8 length 385.
INFO:tensorflow:[INFO] Key kst-kst9 length 513.
INFO:tensorflow:[INFO] Key lsw-lsw1 length 355.
INFO:tensorflow:[INFO] Key lsw-lsw10 length 688.
INFO:tensorflow:[INFO] Key lsw-lsw2 length 623.
INFO:tensorflow:[INFO] Key lsw-lsw3 length 467.
INFO:tensorflow:[INFO] Key lsw-lsw4 length 680.
INFO:tensorflow:[INFO] Key lsw-lsw5 length 664.
INFO:tensorflow:[INFO] Key lsw-lsw6 length 549.
LOG (apply-cmvn-sliding[5.5.598~1-611ff]:main():apply-cmvn-sliding.cc:75) Applied sliding-window cepstral mean normalization to 40 utterances, 0 had errors.
INFO:tensorflow:[INFO] Key lsw-lsw7 length 801.
LOG (select-voiced-frames[5.5.598~1-611ff]:main():select-voiced-frames.cc:106) Done selecting voiced frames; processed 40 utterances, 0 had errors.
INFO:tensorflow:[INFO] Key lsw-lsw8 length 489.
INFO:tensorflow:[INFO] Key lsw-lsw9 length 458.
LOG (copy-vector[5.5.598~1-611ff]:main():copy-vector.cc:90) Copied 40 vectors.
# Accounting: time=8 threads=1
# Ended (code 0) at Mon Nov 23 16:18:58 KST 2020, elapsed time 8 seconds
