# nnet/wrap/extract_wrapper.sh --gpuid -1 --env tf_cpu --min-chunk-size 25 --chunk-size 10000 --normalize false --node output /home/mi/PycharmProjects/CESLeA/SpeakerDiarization/diarization_online/basemodel/xvector_nnet_pretrain "ark:apply-cmvn-sliding --norm-vars=false --center=true --cmn-window=300 scp:/home/mi/PycharmProjects/CESLeA/SpeakerDiarization/diarization_online/data/spkrs/split1/1/feats.scp ark:- | select-voiced-frames ark:- scp,s,cs:/home/mi/PycharmProjects/CESLeA/SpeakerDiarization/diarization_online/data/spkrs/split1/1/vad.scp ark:- |" "ark:| copy-vector ark:- ark,scp:/home/mi/PycharmProjects/CESLeA/SpeakerDiarization/diarization_online/basemodel/xvector_nnet_pretrain/xvectors/xvector.1.ark,/home/mi/PycharmProjects/CESLeA/SpeakerDiarization/diarization_online/basemodel/xvector_nnet_pretrain/xvectors/xvector.1.scp" 
# Started at Wed Feb 12 04:09:04 KST 2020
#
INFO:tensorflow:Extract embedding from output
2020-02-12 04:09:04.998555: I tensorflow/core/platform/cpu_feature_guard.cc:141] Your CPU supports instructions that this TensorFlow binary was not compiled to use: AVX2 FMA
INFO:tensorflow:Extract embedding from node output
WARNING:tensorflow:From /home/mi/PycharmProjects/CESLeA/SpeakerDiarization/extractor/model/pooling.py:23: calling reduce_mean (from tensorflow.python.ops.math_ops) with keep_dims is deprecated and will be removed in a future version.
Instructions for updating:
keep_dims is deprecated, use keepdims instead
select-voiced-frames ark:- scp,s,cs:/home/mi/PycharmProjects/CESLeA/SpeakerDiarization/diarization_online/data/spkrs/split1/1/vad.scp ark:- 
copy-vector ark:- ark,scp:/home/mi/PycharmProjects/CESLeA/SpeakerDiarization/diarization_online/basemodel/xvector_nnet_pretrain/xvectors/xvector.1.ark,/home/mi/PycharmProjects/CESLeA/SpeakerDiarization/diarization_online/basemodel/xvector_nnet_pretrain/xvectors/xvector.1.scp 
apply-cmvn-sliding --norm-vars=false --center=true --cmn-window=300 scp:/home/mi/PycharmProjects/CESLeA/SpeakerDiarization/diarization_online/data/spkrs/split1/1/feats.scp ark:- 
INFO:tensorflow:[INFO] Key 0002-2019_10_18_14_35_42_1 length 207.
INFO:tensorflow:Reading checkpoints...
INFO:tensorflow:Restoring parameters from /home/mi/PycharmProjects/CESLeA/SpeakerDiarization/diarization_online/basemodel/xvector_nnet_pretrain/nnet/model-2610000
INFO:tensorflow:Succeed to load checkpoint model-2610000
INFO:tensorflow:[INFO] Key 0002-2019_10_18_14_35_42_2 length 199.
INFO:tensorflow:[INFO] Key 0002-2019_10_18_14_35_42_3 length 208.
INFO:tensorflow:[INFO] Key 0002-2019_10_18_14_35_42_4 length 183.
INFO:tensorflow:[INFO] Key 0002-2019_10_18_14_36_28 length 219.
INFO:tensorflow:[INFO] Key 0002-2019_10_22_16_15_53 length 219.
INFO:tensorflow:[INFO] Key 0002-2019_10_22_16_16_14 length 234.
INFO:tensorflow:[INFO] Key 0002-2019_10_22_16_16_28 length 350.
INFO:tensorflow:[INFO] Key 0002-2019_10_22_16_17_13 length 324.
INFO:tensorflow:[INFO] Key 0002-2019_10_22_16_17_48 length 195.
INFO:tensorflow:[INFO] Key 0002-2019_10_22_16_18_52 length 209.
INFO:tensorflow:[INFO] Key 0002-2019_10_22_16_21_25 length 252.
INFO:tensorflow:[INFO] Key 0002-2019_10_22_18_34_31 length 187.
INFO:tensorflow:[INFO] Key 0002-2019_10_22_18_36_43 length 221.
INFO:tensorflow:[INFO] Key 0002-2019_10_22_18_39_30 length 148.
INFO:tensorflow:[INFO] Key 0002-2019_10_22_18_45_28 length 154.
INFO:tensorflow:[INFO] Key 0002-2019_10_22_18_46_37 length 146.
INFO:tensorflow:[INFO] Key 0002-2019_10_22_18_47_35 length 155.
INFO:tensorflow:[INFO] Key 0002-2019_10_22_18_48_22 length 163.
INFO:tensorflow:[INFO] Key 0002-2019_10_22_18_49_39 length 185.
INFO:tensorflow:[INFO] Key 0002-2019_10_22_18_50_13 length 209.
INFO:tensorflow:[INFO] Key 0002-2019_10_22_18_50_57 length 191.
INFO:tensorflow:[INFO] Key 0002-2019_10_22_18_51_54 length 138.
INFO:tensorflow:[INFO] Key 0002-2019_10_22_18_52_47 length 178.
INFO:tensorflow:[INFO] Key 0002-2019_10_22_18_53_25 length 141.
INFO:tensorflow:[INFO] Key 0002-2019_10_22_18_54_07 length 148.
INFO:tensorflow:[INFO] Key 0002-2019_10_22_18_54_57 length 126.
INFO:tensorflow:[INFO] Key 0002-2019_10_22_18_55_54 length 186.
INFO:tensorflow:[INFO] Key 0002-2019_10_22_18_57_31 length 149.
INFO:tensorflow:[INFO] Key 0002-2019_10_22_18_58_40 length 178.
INFO:tensorflow:[INFO] Key 0002-2019_10_22_18_59_36 length 168.
INFO:tensorflow:[INFO] Key 0002-2019_10_22_19_00_19 length 131.
INFO:tensorflow:[INFO] Key 0002-2019_10_22_19_00_57 length 166.
INFO:tensorflow:[INFO] Key 0002-2019_10_22_19_28_13 length 162.
INFO:tensorflow:[INFO] Key 0002-2019_10_22_19_28_57 length 112.
INFO:tensorflow:[INFO] Key 0002-2019_10_22_19_29_33 length 122.
INFO:tensorflow:[INFO] Key 0002-2019_10_22_19_30_16 length 208.
INFO:tensorflow:[INFO] Key 0002-2019_10_22_19_34_51 length 221.
INFO:tensorflow:[INFO] Key 0002-2019_10_22_19_35_31 length 133.
INFO:tensorflow:[INFO] Key 0002-2019_10_22_19_35_58 length 108.
INFO:tensorflow:[INFO] Key 0002-2019_10_22_19_36_32 length 180.
INFO:tensorflow:[INFO] Key 0002-2019_10_23_09_29_16 length 211.
INFO:tensorflow:[INFO] Key 0002-2019_10_23_09_29_35 length 152.
INFO:tensorflow:[INFO] Key 0002-2019_10_23_13_36_13 length 117.
INFO:tensorflow:[INFO] Key 0002-2019_11_08_15_37_42 length 228.
INFO:tensorflow:[INFO] Key 0002-2019_11_08_15_37_59 length 150.
INFO:tensorflow:[INFO] Key 0002-2019_11_08_15_38_27 length 167.
INFO:tensorflow:[INFO] Key 0002-2019_11_08_15_38_41 length 160.
INFO:tensorflow:[INFO] Key 0002-2019_11_08_15_39_01 length 193.
INFO:tensorflow:[INFO] Key 0002-2019_11_08_15_39_19 length 199.
INFO:tensorflow:[INFO] Key 0002-2019_11_08_15_39_34 length 186.
INFO:tensorflow:[INFO] Key 0002-2019_11_08_15_39_51 length 158.
INFO:tensorflow:[INFO] Key 0002-2019_11_08_15_40_07 length 137.
INFO:tensorflow:[INFO] Key 0002-2019_11_08_15_40_24 length 155.
INFO:tensorflow:[INFO] Key 0002-2019_11_08_15_40_37 length 193.
INFO:tensorflow:[INFO] Key 0002-2019_11_08_15_54_19 length 159.
INFO:tensorflow:[INFO] Key 0002-2019_11_08_15_54_44 length 165.
INFO:tensorflow:[INFO] Key 0002-2019_11_08_15_55_00 length 235.
INFO:tensorflow:[INFO] Key 0002-2019_11_08_15_55_18 length 163.
INFO:tensorflow:[INFO] Key 0002-2019_11_08_15_55_38 length 139.
INFO:tensorflow:[INFO] Key 0002-2019_11_08_15_56_03 length 163.
INFO:tensorflow:[INFO] Key 0002-2019_11_08_15_56_20 length 194.
INFO:tensorflow:[INFO] Key 0002-2019_11_08_15_56_40 length 164.
INFO:tensorflow:[INFO] Key 0002-2019_11_08_16_01_10 length 136.
INFO:tensorflow:[INFO] Key 0002-2019_11_08_16_07_03 length 173.
INFO:tensorflow:[INFO] Key 0002-2019_11_08_16_09_58 length 176.
INFO:tensorflow:[INFO] Key 0002-2019_11_08_16_19_44 length 300.
INFO:tensorflow:[INFO] Key 0002-2019_11_08_16_20_50 length 213.
INFO:tensorflow:[INFO] Key 0002-2019_11_08_16_46_02 length 75.
INFO:tensorflow:[INFO] Key 0002-2019_11_08_16_47_50 length 86.
INFO:tensorflow:[INFO] Key 0002-2019_11_08_16_55_19 length 142.
INFO:tensorflow:[INFO] Key 0002-2019_11_08_18_38_14 length 200.
INFO:tensorflow:[INFO] Key 0003-2019_10_18_14_39_10_1 length 218.
INFO:tensorflow:[INFO] Key 0003-2019_10_18_14_39_10_2 length 200.
INFO:tensorflow:[INFO] Key 0003-2019_10_18_14_39_10_3 length 136.
INFO:tensorflow:[INFO] Key 0003-2019_10_18_14_39_11_4 length 220.
INFO:tensorflow:[INFO] Key 0003-2019_10_18_14_39_36 length 246.
INFO:tensorflow:[INFO] Key 0003-2019_10_22_16_13_34 length 199.
INFO:tensorflow:[INFO] Key 0003-2019_10_22_16_14_15 length 234.
INFO:tensorflow:[INFO] Key 0003-2019_10_22_16_14_40 length 168.
INFO:tensorflow:[INFO] Key 0003-2019_10_22_16_15_03 length 242.
INFO:tensorflow:[INFO] Key 0003-2019_10_22_16_15_30 length 204.
INFO:tensorflow:[INFO] Key 0003-2019_10_22_16_15_42 length 326.
INFO:tensorflow:[INFO] Key 0003-2019_10_22_16_15_57 length 205.
INFO:tensorflow:[INFO] Key 0003-2019_10_22_16_16_12 length 277.
INFO:tensorflow:[INFO] Key 0003-2019_10_22_16_16_38 length 605.
INFO:tensorflow:[INFO] Key 0003-2019_10_22_16_16_56 length 205.
INFO:tensorflow:[INFO] Key 0003-2019_10_22_16_17_39 length 295.
INFO:tensorflow:[INFO] Key 0003-2019_10_22_16_17_56 length 438.
INFO:tensorflow:[INFO] Key 0003-2019_10_22_16_18_14 length 220.
INFO:tensorflow:[INFO] Key 0003-2019_10_22_16_19_15 length 113.
INFO:tensorflow:[INFO] Key 0003-2019_10_22_16_20_15 length 166.
INFO:tensorflow:[INFO] Key 0003-2019_10_22_18_37_07 length 178.
INFO:tensorflow:[INFO] Key 0003-2019_10_22_18_37_22 length 177.
INFO:tensorflow:[INFO] Key 0003-2019_10_22_18_37_41 length 216.
INFO:tensorflow:[INFO] Key 0003-2019_10_22_18_43_07 length 211.
INFO:tensorflow:[INFO] Key 0003-2019_10_22_18_43_58 length 155.
INFO:tensorflow:[INFO] Key 0003-2019_10_22_18_45_07 length 383.
INFO:tensorflow:[INFO] Key 0003-2019_10_22_18_46_28 length 112.
INFO:tensorflow:[INFO] Key 0003-2019_10_22_18_48_22 length 167.
INFO:tensorflow:[INFO] Key 0003-2019_10_22_18_48_36 length 185.
INFO:tensorflow:[INFO] Key 0003-2019_10_22_18_49_27 length 258.
INFO:tensorflow:[INFO] Key 0003-2019_10_22_18_50_27 length 242.
INFO:tensorflow:[INFO] Key 0003-2019_10_22_18_51_38 length 171.
INFO:tensorflow:[INFO] Key 0003-2019_10_22_18_52_23 length 153.
INFO:tensorflow:[INFO] Key 0003-2019_10_22_18_53_21 length 222.
INFO:tensorflow:[INFO] Key 0003-2019_10_22_18_54_06 length 295.
INFO:tensorflow:[INFO] Key 0003-2019_10_22_18_54_23 length 177.
INFO:tensorflow:[INFO] Key 0003-2019_10_22_18_55_12 length 219.
INFO:tensorflow:[INFO] Key 0003-2019_10_22_18_55_55 length 249.
INFO:tensorflow:[INFO] Key 0003-2019_10_22_18_56_54 length 264.
INFO:tensorflow:[INFO] Key 0003-2019_10_22_18_58_06 length 232.
INFO:tensorflow:[INFO] Key 0003-2019_10_22_18_59_03 length 208.
INFO:tensorflow:[INFO] Key 0003-2019_10_22_18_59_49 length 177.
INFO:tensorflow:[INFO] Key 0003-2019_10_22_19_00_48 length 176.
INFO:tensorflow:[INFO] Key 0003-2019_10_22_19_01_37 length 177.
INFO:tensorflow:[INFO] Key 0003-2019_10_22_19_03_38 length 230.
INFO:tensorflow:[INFO] Key 0003-2019_10_22_19_04_21 length 235.
INFO:tensorflow:[INFO] Key 0003-2019_10_22_19_05_11 length 207.
INFO:tensorflow:[INFO] Key 0003-2019_10_22_19_06_01 length 220.
INFO:tensorflow:[INFO] Key 0003-2019_10_22_19_07_18 length 276.
INFO:tensorflow:[INFO] Key 0003-2019_10_22_19_08_07 length 151.
INFO:tensorflow:[INFO] Key 0003-2019_10_22_19_08_45 length 124.
INFO:tensorflow:[INFO] Key 0003-2019_10_22_19_09_35 length 126.
INFO:tensorflow:[INFO] Key 0003-2019_10_22_19_10_59 length 259.
WARNING (select-voiced-frames[5.5.598~1-611ff]:main():select-voiced-frames.cc:83) No features were judged as voiced for utterance 0003-2019_11_08_16_08_07
WARNING (select-voiced-frames[5.5.598~1-611ff]:main():select-voiced-frames.cc:83) No features were judged as voiced for utterance 0003-2019_11_08_16_11_54
WARNING (select-voiced-frames[5.5.598~1-611ff]:main():select-voiced-frames.cc:83) No features were judged as voiced for utterance 0003-2019_11_08_16_12_17
INFO:tensorflow:[INFO] Key 0003-2019_10_22_19_11_42 length 282.
INFO:tensorflow:[INFO] Key 0003-2019_11_08_16_14_48 length 165.
INFO:tensorflow:[INFO] Key 0003-2019_11_08_16_30_13 length 133.
INFO:tensorflow:[INFO] Key 0003-2019_11_08_16_33_37 length 212.
INFO:tensorflow:[INFO] Key 0003-2019_11_08_16_36_28 length 113.
INFO:tensorflow:[INFO] Key 0003-2019_11_08_16_39_56 length 98.
INFO:tensorflow:[INFO] Key 0003-2019_11_08_16_43_13 length 138.
INFO:tensorflow:[INFO] Key 0003-2019_11_08_16_43_35 length 179.
INFO:tensorflow:[INFO] Key 0003-2019_11_08_16_45_34 length 178.
INFO:tensorflow:[INFO] Key 0003-2019_11_08_16_45_57 length 107.
INFO:tensorflow:[INFO] Key 0003-2019_11_08_16_47_33 length 165.
INFO:tensorflow:[INFO] Key 0003-2019_11_08_16_49_14 length 171.
INFO:tensorflow:[INFO] Key 0003-2019_11_08_16_51_03 length 160.
INFO:tensorflow:[INFO] Key 0003-2019_11_08_16_53_54 length 137.
INFO:tensorflow:[INFO] Key 0003-2019_11_08_16_55_34 length 197.
INFO:tensorflow:[INFO] Key 0003-2019_11_08_16_57_38 length 118.
INFO:tensorflow:[INFO] Key 0003-2019_11_08_16_59_29 length 134.
INFO:tensorflow:[INFO] Key 0003-2019_11_08_17_01_27 length 102.
INFO:tensorflow:[INFO] Key 0003-2019_11_08_17_03_25 length 79.
INFO:tensorflow:[INFO] Key 0003-2019_11_08_17_04_59 length 117.
INFO:tensorflow:[INFO] Key 0003-2019_11_08_17_06_31 length 135.
INFO:tensorflow:[INFO] Key 0003-2019_11_08_17_06_50 length 192.
INFO:tensorflow:[INFO] Key 0003-2019_11_08_17_08_13 length 92.
INFO:tensorflow:[INFO] Key 0003-2019_11_08_17_09_57 length 134.
INFO:tensorflow:[INFO] Key 0003-2019_11_08_17_11_25 length 106.
INFO:tensorflow:[INFO] Key 0003-2019_12_05_13_50_39 length 169.
INFO:tensorflow:[INFO] Key 0003-2019_12_05_13_51_59 length 361.
INFO:tensorflow:[INFO] Key 0003-2019_12_17_14_34_06 length 120.
INFO:tensorflow:[INFO] Key 0003-2019_12_17_14_34_18 length 113.
INFO:tensorflow:[INFO] Key 0003-2019_12_17_14_35_06 length 164.
INFO:tensorflow:[INFO] Key 0003-2019_12_17_14_35_45 length 107.
INFO:tensorflow:[INFO] Key 0003-2019_12_18_08_43_58 length 118.
INFO:tensorflow:[INFO] Key 0003-2019_12_18_08_44_39 length 88.
INFO:tensorflow:[INFO] Key 0003-2019_12_18_11_54_33 length 112.
INFO:tensorflow:[INFO] Key 0003-2019_12_18_11_54_54 length 90.
INFO:tensorflow:[INFO] Key 0003-2019_12_18_11_55_38 length 145.
INFO:tensorflow:[INFO] Key 0003-2019_12_18_11_56_11 length 83.
INFO:tensorflow:[INFO] Key 0003-2019_12_18_11_58_16 length 149.
INFO:tensorflow:[INFO] Key 0003-2019_12_18_11_58_35 length 76.
INFO:tensorflow:[INFO] Key 0003-2019_12_18_11_58_56 length 76.
INFO:tensorflow:[INFO] Key 0003-2019_12_18_11_59_32 length 91.
INFO:tensorflow:[INFO] Key 0003-2019_12_18_11_59_45 length 91.
INFO:tensorflow:[INFO] Key 0003-2019_12_18_12_00_20 length 120.
INFO:tensorflow:[INFO] Key 0004-2019_10_18_14_41_23_1 length 233.
INFO:tensorflow:[INFO] Key 0004-2019_10_18_14_41_23_2 length 142.
INFO:tensorflow:[INFO] Key 0004-2019_10_18_14_41_23_3 length 127.
INFO:tensorflow:[INFO] Key 0004-2019_10_18_14_41_23_4 length 124.
INFO:tensorflow:[INFO] Key 0004-2019_10_18_14_41_49 length 129.
INFO:tensorflow:[INFO] Key 0004-2019_10_22_16_31_01 length 225.
INFO:tensorflow:[INFO] Key 0004-2019_10_23_09_29_11 length 368.
INFO:tensorflow:[INFO] Key 0004-2019_10_23_09_29_51 length 161.
INFO:tensorflow:[INFO] Key 0004-2019_10_23_09_30_51 length 192.
INFO:tensorflow:[INFO] Key 0004-2019_10_23_09_31_16 length 162.
INFO:tensorflow:[INFO] Key 0004-2019_10_23_09_31_51 length 160.
INFO:tensorflow:[INFO] Key 0004-2019_10_23_09_32_37 length 250.
INFO:tensorflow:[INFO] Key 0004-2019_10_23_09_33_25 length 169.
INFO:tensorflow:[INFO] Key 0004-2019_10_23_09_34_09 length 228.
INFO:tensorflow:[INFO] Key 0004-2019_10_23_09_34_31 length 192.
INFO:tensorflow:[INFO] Key 0004-2019_10_23_09_35_01 length 182.
INFO:tensorflow:[INFO] Key 0004-2019_10_23_09_35_24 length 150.
INFO:tensorflow:[INFO] Key 0004-2019_10_23_09_35_48 length 134.
INFO:tensorflow:[INFO] Key 0004-2019_10_23_09_37_04 length 138.
INFO:tensorflow:[INFO] Key 0004-2019_10_23_09_37_32 length 154.
INFO:tensorflow:[INFO] Key 0004-2019_10_23_09_38_04 length 133.
INFO:tensorflow:[INFO] Key 0004-2019_10_23_09_38_22 length 80.
INFO:tensorflow:[INFO] Key 0004-2019_10_23_09_38_51 length 135.
INFO:tensorflow:[INFO] Key 0004-2019_10_23_09_39_09 length 101.
INFO:tensorflow:[INFO] Key 0004-2019_10_23_09_39_32 length 105.
INFO:tensorflow:[INFO] Key 0004-2019_10_23_09_39_47 length 184.
INFO:tensorflow:[INFO] Key 0004-2019_10_23_09_40_03 length 205.
INFO:tensorflow:[INFO] Key 0004-2019_10_23_09_40_26 length 77.
INFO:tensorflow:[INFO] Key 0004-2019_10_23_09_40_52 length 107.
INFO:tensorflow:[INFO] Key 0004-2019_10_23_09_41_08 length 234.
INFO:tensorflow:[INFO] Key 0004-2019_10_23_09_41_18 length 125.
INFO:tensorflow:[INFO] Key 0004-2019_10_23_09_41_32 length 149.
INFO:tensorflow:[INFO] Key 0004-2019_10_23_09_41_55 length 175.
INFO:tensorflow:[INFO] Key 0004-2019_10_23_09_42_13 length 276.
INFO:tensorflow:[INFO] Key 0004-2019_10_23_09_42_28 length 174.
INFO:tensorflow:[INFO] Key 0004-2019_10_23_09_42_52 length 132.
INFO:tensorflow:[INFO] Key 0004-2019_10_23_09_43_09 length 145.
INFO:tensorflow:[INFO] Key 0004-2019_10_23_09_43_33 length 95.
INFO:tensorflow:[INFO] Key 0004-2019_10_23_09_44_01 length 227.
INFO:tensorflow:[INFO] Key 0004-2019_10_23_09_44_17 length 105.
INFO:tensorflow:[INFO] Key 0004-2019_11_08_17_10_21 length 140.
INFO:tensorflow:[INFO] Key 0004-2019_11_08_17_13_30 length 107.
INFO:tensorflow:[INFO] Key 0004-2019_11_08_17_17_29 length 105.
INFO:tensorflow:[INFO] Key 0004-2019_11_08_17_18_45 length 118.
INFO:tensorflow:[INFO] Key 0004-2019_11_08_17_20_28 length 99.
INFO:tensorflow:[INFO] Key 0004-2019_11_08_17_22_05 length 112.
INFO:tensorflow:[INFO] Key 0004-2019_11_08_17_24_01 length 102.
INFO:tensorflow:[INFO] Key 0004-2019_11_08_17_25_33 length 104.
INFO:tensorflow:[INFO] Key 0004-2019_11_08_17_27_17 length 101.
INFO:tensorflow:[INFO] Key 0004-2019_11_08_17_28_25 length 106.
INFO:tensorflow:[INFO] Key 0004-2019_11_08_17_29_46 length 86.
INFO:tensorflow:[INFO] Key 0004-2019_11_08_17_31_17 length 77.
INFO:tensorflow:[INFO] Key 0004-2019_11_08_17_32_36 length 94.
INFO:tensorflow:[INFO] Key 0004-2019_11_08_17_33_54 length 85.
INFO:tensorflow:[INFO] Key 0004-2019_11_08_17_35_21 length 85.
INFO:tensorflow:[INFO] Key 0004-2019_11_08_17_36_51 length 84.
INFO:tensorflow:[INFO] Key 0004-2019_11_08_17_38_17 length 82.
INFO:tensorflow:[INFO] Key 0004-2019_11_08_17_39_42 length 88.
INFO:tensorflow:[INFO] Key 0004-2019_11_08_18_22_46 length 124.
INFO:tensorflow:[INFO] Key 0004-2019_11_08_18_23_30 length 107.
INFO:tensorflow:[INFO] Key 0004-2019_11_08_18_34_55 length 103.
INFO:tensorflow:[INFO] Key 0004-2019_11_08_18_36_32 length 89.
INFO:tensorflow:[INFO] Key 0004-2019_11_08_18_37_30 length 92.
INFO:tensorflow:[INFO] Key 0004-2019_11_08_18_38_21 length 96.
INFO:tensorflow:[INFO] Key 0004-2019_11_08_18_39_44 length 94.
INFO:tensorflow:[INFO] Key 0004-2019_11_08_18_40_19 length 92.
INFO:tensorflow:[INFO] Key 0004-2019_11_08_18_40_54 length 94.
INFO:tensorflow:[INFO] Key 0004-2019_11_08_18_46_49 length 66.
INFO:tensorflow:[INFO] Key 0004-2019_11_08_18_47_11 length 58.
INFO:tensorflow:[INFO] Key 0004-2019_11_08_18_47_33 length 108.
INFO:tensorflow:[INFO] Key 0004-2019_11_08_18_47_44 length 79.
INFO:tensorflow:[INFO] Key 0004-2019_11_08_18_48_14 length 90.
INFO:tensorflow:[INFO] Key 0004-2019_11_08_18_49_22 length 79.
INFO:tensorflow:[INFO] Key 0004-2019_11_08_18_49_45 length 110.
INFO:tensorflow:[INFO] Key 0004-2019_11_08_18_50_25 length 58.
INFO:tensorflow:[INFO] Key 0004-2019_11_08_18_51_03 length 174.
INFO:tensorflow:[INFO] Key 0004-2019_11_08_18_51_32 length 104.
INFO:tensorflow:[INFO] Key 0004-2019_11_08_18_51_41 length 99.
INFO:tensorflow:[INFO] Key 0004-2019_11_08_18_52_27 length 68.
INFO:tensorflow:[INFO] Key 0004-2019_11_08_18_57_37 length 76.
INFO:tensorflow:[INFO] Key 0004-2019_11_08_18_58_06 length 147.
INFO:tensorflow:[INFO] Key 0004-2019_11_08_18_58_32 length 89.
INFO:tensorflow:[INFO] Key 0005-2019_10_18_14_45_42_1 length 174.
INFO:tensorflow:[INFO] Key 0005-2019_10_18_14_45_42_2 length 200.
INFO:tensorflow:[INFO] Key 0005-2019_10_18_14_45_42_3 length 169.
INFO:tensorflow:[INFO] Key 0005-2019_10_18_14_45_42_4 length 192.
INFO:tensorflow:[INFO] Key 0005-2019_10_18_14_46_22 length 212.
INFO:tensorflow:[INFO] Key 0005-2019_10_22_19_05_48 length 277.
INFO:tensorflow:[INFO] Key 0005-2019_10_22_19_10_43 length 194.
INFO:tensorflow:[INFO] Key 0005-2019_10_22_19_11_34 length 202.
INFO:tensorflow:[INFO] Key 0005-2019_10_22_19_12_26 length 267.
INFO:tensorflow:[INFO] Key 0005-2019_10_22_19_13_30 length 175.
INFO:tensorflow:[INFO] Key 0005-2019_10_22_19_14_49 length 268.
INFO:tensorflow:[INFO] Key 0005-2019_10_22_19_15_49 length 267.
INFO:tensorflow:[INFO] Key 0005-2019_10_22_19_16_38 length 252.
INFO:tensorflow:[INFO] Key 0005-2019_10_22_19_17_29 length 288.
INFO:tensorflow:[INFO] Key 0005-2019_10_22_19_18_56 length 206.
INFO:tensorflow:[INFO] Key 0005-2019_10_22_19_20_23 length 210.
INFO:tensorflow:[INFO] Key 0005-2019_10_22_19_21_19 length 163.
INFO:tensorflow:[INFO] Key 0005-2019_10_22_19_22_17 length 201.
INFO:tensorflow:[INFO] Key 0005-2019_10_22_19_22_58 length 143.
INFO:tensorflow:[INFO] Key 0005-2019_10_22_19_23_41 length 172.
INFO:tensorflow:[INFO] Key 0005-2019_10_22_19_24_22 length 204.
INFO:tensorflow:[INFO] Key 0005-2019_10_22_19_25_31 length 214.
INFO:tensorflow:[INFO] Key 0005-2019_10_22_19_26_13 length 208.
INFO:tensorflow:[INFO] Key 0005-2019_10_22_19_26_57 length 129.
INFO:tensorflow:[INFO] Key 0005-2019_10_22_19_27_53 length 173.
INFO:tensorflow:[INFO] Key 0005-2019_10_22_19_28_31 length 137.
INFO:tensorflow:[INFO] Key 0005-2019_10_22_19_29_08 length 236.
INFO:tensorflow:[INFO] Key 0005-2019_10_22_19_29_46 length 164.
INFO:tensorflow:[INFO] Key 0005-2019_10_22_19_30_25 length 158.
INFO:tensorflow:[INFO] Key 0005-2019_10_22_19_31_05 length 163.
INFO:tensorflow:[INFO] Key 0005-2019_10_22_19_31_49 length 224.
INFO:tensorflow:[INFO] Key 0005-2019_10_22_19_32_29 length 163.
INFO:tensorflow:[INFO] Key 0005-2019_11_08_17_00_22 length 131.
INFO:tensorflow:[INFO] Key 0005-2019_11_08_17_01_07 length 163.
INFO:tensorflow:[INFO] Key 0005-2019_11_08_17_01_23 length 96.
INFO:tensorflow:[INFO] Key 0005-2019_11_08_17_02_04 length 231.
INFO:tensorflow:[INFO] Key 0005-2019_11_08_17_02_24 length 165.
INFO:tensorflow:[INFO] Key 0005-2019_11_08_17_03_20 length 149.
INFO:tensorflow:[INFO] Key 0005-2019_11_08_17_04_52 length 180.
INFO:tensorflow:[INFO] Key 0005-2019_11_08_17_05_09 length 104.
INFO:tensorflow:[INFO] Key 0005-2019_11_08_17_05_51 length 160.
INFO:tensorflow:[INFO] Key 0005-2019_11_08_17_06_09 length 218.
INFO:tensorflow:[INFO] Key 0005-2019_11_08_17_10_32 length 169.
INFO:tensorflow:[INFO] Key 0005-2019_11_08_17_11_12 length 148.
INFO:tensorflow:[INFO] Key 0005-2019_11_08_17_11_36 length 213.
INFO:tensorflow:[INFO] Key 0005-2019_11_08_17_12_30 length 225.
INFO:tensorflow:[INFO] Key 0005-2019_11_08_17_12_51 length 252.
INFO:tensorflow:[INFO] Key 0005-2019_11_08_17_13_35 length 170.
INFO:tensorflow:[INFO] Key 0005-2019_11_08_17_14_21 length 196.
INFO:tensorflow:[INFO] Key 0005-2019_11_08_17_15_25 length 164.
INFO:tensorflow:[INFO] Key 0005-2019_11_08_17_16_25 length 198.
INFO:tensorflow:[INFO] Key 0005-2019_11_08_17_17_03 length 263.
INFO:tensorflow:[INFO] Key 0005-2019_11_08_17_17_32 length 171.
INFO:tensorflow:[INFO] Key 0005-2019_11_08_18_16_38 length 259.
INFO:tensorflow:[INFO] Key 0005-2019_11_08_18_16_57 length 237.
INFO:tensorflow:[INFO] Key 0005-2019_11_08_18_17_24 length 293.
INFO:tensorflow:[INFO] Key 0005-2019_11_08_18_18_54 length 163.
INFO:tensorflow:[INFO] Key 0005-2019_11_08_18_20_57 length 285.
INFO:tensorflow:[INFO] Key 0005-2019_11_08_18_21_35 length 164.
INFO:tensorflow:[INFO] Key 0005-2019_11_08_18_22_21 length 347.
INFO:tensorflow:[INFO] Key 0005-2019_11_08_18_23_37 length 202.
INFO:tensorflow:[INFO] Key 0005-2019_11_08_18_24_10 length 243.
INFO:tensorflow:[INFO] Key 0005-2019_11_08_18_25_00 length 213.
INFO:tensorflow:[INFO] Key 0005-2019_11_08_18_25_35 length 140.
INFO:tensorflow:[INFO] Key 0005-2019_11_08_18_51_21 length 125.
INFO:tensorflow:[INFO] Key 0006-2019_10_18_14_49_17_1 length 225.
INFO:tensorflow:[INFO] Key 0006-2019_10_18_14_49_17_2 length 150.
INFO:tensorflow:[INFO] Key 0006-2019_10_18_14_49_17_3 length 171.
INFO:tensorflow:[INFO] Key 0006-2019_10_18_14_49_17_4 length 149.
INFO:tensorflow:[INFO] Key 0006-2019_10_18_14_50_04 length 579.
INFO:tensorflow:[INFO] Key 0006-2019_10_18_14_50_24 length 377.
INFO:tensorflow:[INFO] Key 0007-2019_10_22_12_41_14_1 length 121.
INFO:tensorflow:[INFO] Key 0007-2019_10_22_12_41_15_2 length 115.
INFO:tensorflow:[INFO] Key 0007-2019_10_22_12_41_15_3 length 106.
INFO:tensorflow:[INFO] Key 0007-2019_10_22_12_41_15_4 length 100.
INFO:tensorflow:[INFO] Key 0007-2019_10_22_12_41_44 length 103.
INFO:tensorflow:[INFO] Key 0007-2019_10_22_12_41_54 length 103.
INFO:tensorflow:[INFO] Key 0007-2019_10_22_12_42_01 length 105.
INFO:tensorflow:[INFO] Key 0007-2019_10_22_12_42_09 length 97.
INFO:tensorflow:[INFO] Key 0007-2019_10_22_13_09_58 length 172.
INFO:tensorflow:[INFO] Key 0007-2019_10_22_13_13_17 length 126.
INFO:tensorflow:[INFO] Key 0007-2019_10_22_13_13_53 length 140.
INFO:tensorflow:[INFO] Key 0007-2019_10_22_14_12_11 length 106.
INFO:tensorflow:[INFO] Key 0007-2019_10_22_14_13_55 length 101.
INFO:tensorflow:[INFO] Key 0007-2019_10_22_14_19_04 length 112.
INFO:tensorflow:[INFO] Key 0007-2019_10_31_20_45_15 length 83.
INFO:tensorflow:[INFO] Key 0007-2019_11_04_20_21_56 length 90.
INFO:tensorflow:[INFO] Key 0007-2019_11_04_20_25_10 length 93.
INFO:tensorflow:[INFO] Key 0007-2019_11_04_20_26_27 length 91.
INFO:tensorflow:[INFO] Key 0007-2019_11_26_13_06_15_0 length 50.
INFO:tensorflow:[INFO] Key 0007-2019_11_26_13_06_15_1 length 33.
INFO:tensorflow:[INFO] Key 0007-2019_11_26_13_06_15_2 length too short, 19 < 25, skip.
INFO:tensorflow:[INFO] Key 0007-2019_11_26_13_06_15_3 length 36.
INFO:tensorflow:[INFO] Key 0007-2019_11_26_13_06_15_4 length too short, 22 < 25, skip.
INFO:tensorflow:[INFO] Key 0007-2019_11_26_13_13_06 length 63.
INFO:tensorflow:[INFO] Key 0007-2019_11_26_13_31_29 length 29.
INFO:tensorflow:[INFO] Key 0007-2019_11_26_13_33_30 length 72.
INFO:tensorflow:[INFO] Key 0007-2019_11_26_13_33_45 length 89.
INFO:tensorflow:[INFO] Key 0008-2019_10_22_16_27_13_1 length 185.
INFO:tensorflow:[INFO] Key 0008-2019_10_22_16_27_13_2 length 173.
INFO:tensorflow:[INFO] Key 0008-2019_10_22_16_27_13_3 length 185.
INFO:tensorflow:[INFO] Key 0008-2019_10_22_16_27_13_4 length 186.
INFO:tensorflow:[INFO] Key 0008-2019_10_22_16_28_27 length 171.
INFO:tensorflow:[INFO] Key 0008-2019_10_23_09_22_12 length 126.
INFO:tensorflow:[INFO] Key 0008-2019_10_23_09_23_59 length 242.
INFO:tensorflow:[INFO] Key 0008-2019_10_23_09_24_29 length 324.
INFO:tensorflow:[INFO] Key 0008-2019_10_23_09_24_54 length 437.
INFO:tensorflow:[INFO] Key 0008-2019_10_23_09_25_18 length 253.
INFO:tensorflow:[INFO] Key 0008-2019_10_23_09_25_39 length 359.
INFO:tensorflow:[INFO] Key 0008-2019_10_23_09_26_02 length 319.
INFO:tensorflow:[INFO] Key 0008-2019_10_23_09_26_31 length 526.
INFO:tensorflow:[INFO] Key 0008-2019_10_23_09_26_57 length 252.
INFO:tensorflow:[INFO] Key 0008-2019_10_23_09_27_43 length 245.
INFO:tensorflow:[INFO] Key 0008-2019_10_23_09_28_11 length 285.
INFO:tensorflow:[INFO] Key 0008-2019_10_23_09_28_49 length 385.
INFO:tensorflow:[INFO] Key 0008-2019_10_23_09_31_08 length 211.
INFO:tensorflow:[INFO] Key 0008-2019_10_23_09_31_39 length 292.
INFO:tensorflow:[INFO] Key 0008-2019_10_23_09_32_00 length 322.
INFO:tensorflow:[INFO] Key 0008-2019_10_23_09_32_20 length 212.
INFO:tensorflow:[INFO] Key 0008-2019_10_23_09_33_19 length 162.
INFO:tensorflow:[INFO] Key 0008-2019_10_23_09_33_38 length 137.
INFO:tensorflow:[INFO] Key 0008-2019_10_23_09_34_02 length 195.
INFO:tensorflow:[INFO] Key 0008-2019_10_23_09_34_47 length 153.
INFO:tensorflow:[INFO] Key 0008-2019_10_23_09_35_28 length 219.
INFO:tensorflow:[INFO] Key 0008-2019_10_23_09_35_51 length 387.
INFO:tensorflow:[INFO] Key 0008-2019_10_23_09_37_13 length 151.
INFO:tensorflow:[INFO] Key 0008-2019_10_23_09_37_31 length 191.
INFO:tensorflow:[INFO] Key 0008-2019_10_23_09_37_45 length 203.
INFO:tensorflow:[INFO] Key 0008-2019_10_23_09_38_01 length 200.
INFO:tensorflow:[INFO] Key 0008-2019_10_23_09_38_29 length 173.
INFO:tensorflow:[INFO] Key 0008-2019_10_23_09_38_46 length 224.
INFO:tensorflow:[INFO] Key 0008-2019_10_23_09_39_23 length 151.
INFO:tensorflow:[INFO] Key 0008-2019_10_23_09_40_14 length 221.
INFO:tensorflow:[INFO] Key 0008-2019_10_23_09_40_32 length 305.
INFO:tensorflow:[INFO] Key 0008-2019_10_23_09_41_00 length 197.
INFO:tensorflow:[INFO] Key 0008-2019_10_23_09_41_39 length 212.
INFO:tensorflow:[INFO] Key 0008-2019_10_23_09_42_05 length 213.
INFO:tensorflow:[INFO] Key 0008-2019_10_30_18_46_43 length 130.
INFO:tensorflow:[INFO] Key 0008-2019_10_31_14_52_02 length 229.
INFO:tensorflow:[INFO] Key 0008-2019_10_31_14_52_10 length 149.
INFO:tensorflow:[INFO] Key 0008-2019_10_31_17_28_34 length 266.
INFO:tensorflow:[INFO] Key 0008-2019_10_31_18_15_42 length 207.
INFO:tensorflow:[INFO] Key 0008-2019_10_31_18_17_49 length 190.
INFO:tensorflow:[INFO] Key 0008-2019_10_31_18_18_08 length 216.
INFO:tensorflow:[INFO] Key 0008-2019_10_31_18_20_30 length 287.
INFO:tensorflow:[INFO] Key 0008-2019_10_31_18_20_46 length 274.
INFO:tensorflow:[INFO] Key 0008-2019_10_31_18_25_47 length 235.
INFO:tensorflow:[INFO] Key 0008-2019_10_31_18_27_31 length 240.
INFO:tensorflow:[INFO] Key 0008-2019_10_31_18_27_52 length 187.
INFO:tensorflow:[INFO] Key 0008-2019_10_31_18_28_12 length 298.
INFO:tensorflow:[INFO] Key 0008-2019_11_05_08_35_15 length 226.
INFO:tensorflow:[INFO] Key 0008-2019_11_05_08_35_41 length 196.
INFO:tensorflow:[INFO] Key 0008-2019_11_05_08_36_13 length 193.
INFO:tensorflow:[INFO] Key 0008-2019_11_05_09_08_34 length 163.
INFO:tensorflow:[INFO] Key 0009-2019_10_23_09_12_28_1 length 206.
INFO:tensorflow:[INFO] Key 0009-2019_10_23_09_12_28_2 length 157.
INFO:tensorflow:[INFO] Key 0009-2019_10_23_09_12_28_3 length 114.
INFO:tensorflow:[INFO] Key 0009-2019_10_23_09_12_28_4 length 103.
INFO:tensorflow:[INFO] Key 0009-2019_10_23_09_13_05 length 206.
INFO:tensorflow:[INFO] Key 0009-2019_10_23_09_58_23 length 196.
INFO:tensorflow:[INFO] Key 0009-2019_10_23_09_59_44 length 117.
INFO:tensorflow:[INFO] Key 0009-2019_10_23_10_00_08 length 323.
INFO:tensorflow:[INFO] Key 0009-2019_10_23_10_00_26 length 229.
INFO:tensorflow:[INFO] Key 0009-2019_10_23_10_00_44 length 150.
INFO:tensorflow:[INFO] Key 0009-2019_10_23_10_01_01 length 124.
INFO:tensorflow:[INFO] Key 0009-2019_10_23_10_01_22 length 252.
INFO:tensorflow:[INFO] Key 0009-2019_10_23_10_01_40 length 178.
INFO:tensorflow:[INFO] Key 0009-2019_10_23_10_23_11 length 240.
INFO:tensorflow:[INFO] Key 0009-2019_10_23_10_23_28 length 179.
INFO:tensorflow:[INFO] Key 0009-2019_10_23_10_28_50 length 283.
INFO:tensorflow:[INFO] Key 0009-2019_10_23_10_29_20 length 276.
INFO:tensorflow:[INFO] Key 0009-2019_10_23_10_29_38 length 272.
INFO:tensorflow:[INFO] Key 0009-2019_10_23_10_29_53 length 206.
INFO:tensorflow:[INFO] Key 0009-2019_10_23_10_30_08 length 203.
INFO:tensorflow:[INFO] Key 0009-2019_10_23_10_30_22 length 190.
INFO:tensorflow:[INFO] Key 0009-2019_10_23_10_30_36 length 163.
INFO:tensorflow:[INFO] Key 0009-2019_10_23_10_30_50 length 199.
INFO:tensorflow:[INFO] Key 0009-2019_10_23_10_31_08 length 185.
INFO:tensorflow:[INFO] Key 0009-2019_10_23_10_31_40 length 199.
INFO:tensorflow:[INFO] Key 0009-2019_10_23_10_35_50 length 328.
INFO:tensorflow:[INFO] Key 0009-2019_10_23_10_36_05 length 188.
INFO:tensorflow:[INFO] Key 0009-2019_10_23_10_36_32 length 226.
INFO:tensorflow:[INFO] Key 0009-2019_10_23_10_36_45 length 147.
INFO:tensorflow:[INFO] Key 0009-2019_10_23_10_37_33 length 259.
INFO:tensorflow:[INFO] Key 0009-2019_10_23_10_37_56 length 262.
INFO:tensorflow:[INFO] Key 0009-2019_10_23_10_38_17 length 219.
INFO:tensorflow:[INFO] Key 0009-2019_10_23_10_38_36 length 199.
INFO:tensorflow:[INFO] Key 0009-2019_10_23_10_38_53 length 186.
INFO:tensorflow:[INFO] Key 0009-2019_10_23_10_39_25 length 220.
INFO:tensorflow:[INFO] Key 0010-2019_10_23_09_15_17_1 length 168.
INFO:tensorflow:[INFO] Key 0010-2019_10_23_09_15_17_2 length 252.
INFO:tensorflow:[INFO] Key 0010-2019_10_23_09_15_17_3 length 252.
INFO:tensorflow:[INFO] Key 0010-2019_10_23_09_15_17_4 length 283.
INFO:tensorflow:[INFO] Key 0010-2019_10_23_09_15_48 length 229.
INFO:tensorflow:[INFO] Key 0011-2019_10_23_14_23_28_1 length 269.
INFO:tensorflow:[INFO] Key 0011-2019_10_23_14_23_28_2 length 178.
INFO:tensorflow:[INFO] Key 0011-2019_10_23_14_23_28_3 length 97.
INFO:tensorflow:[INFO] Key 0011-2019_10_23_14_23_28_4 length 156.
INFO:tensorflow:[INFO] Key 0011-2019_10_23_14_24_29 length 83.
INFO:tensorflow:[INFO] Key 0012-2019_10_24_23_04_29_1 length 199.
INFO:tensorflow:[INFO] Key 0012-2019_10_24_23_04_29_2 length 92.
INFO:tensorflow:[INFO] Key 0012-2019_10_24_23_04_29_3 length 85.
INFO:tensorflow:[INFO] Key 0012-2019_10_24_23_04_29_4 length 82.
INFO:tensorflow:[INFO] Key 0012-2019_10_24_23_05_26 length 83.
INFO:tensorflow:[INFO] Key 0013-2019_10_25_10_39_59_1 length 426.
INFO:tensorflow:[INFO] Key 0013-2019_10_25_10_39_59_2 length 117.
INFO:tensorflow:[INFO] Key 0013-2019_10_25_10_39_59_3 length 150.
INFO:tensorflow:[INFO] Key 0013-2019_10_25_10_39_59_4 length 111.
INFO:tensorflow:[INFO] Key 0013-2019_10_25_10_40_45 length 184.
INFO:tensorflow:[INFO] Key 0013-2019_10_25_10_41_33 length 193.
INFO:tensorflow:[INFO] Key 0013-2019_10_25_10_54_09 length 229.
INFO:tensorflow:[INFO] Key 0013-2019_10_25_11_34_19 length 247.
INFO:tensorflow:[INFO] Key 0013-2019_10_25_12_11_10 length 266.
INFO:tensorflow:[INFO] Key 0013-2019_10_25_19_22_12 length 132.
INFO:tensorflow:[INFO] Key 0013-2019_10_25_19_30_44 length 165.
INFO:tensorflow:[INFO] Key 0013-2019_10_26_16_33_31 length 235.
INFO:tensorflow:[INFO] Key 0013-2019_10_26_16_34_00 length 155.
INFO:tensorflow:[INFO] Key 0013-2019_10_26_16_34_30 length 214.
INFO:tensorflow:[INFO] Key 0013-2019_10_26_16_34_59 length 188.
INFO:tensorflow:[INFO] Key 0013-2019_10_26_16_35_14 length 173.
INFO:tensorflow:[INFO] Key 0013-2019_10_26_16_36_20 length 240.
INFO:tensorflow:[INFO] Key 0013-2019_10_26_16_41_28 length 231.
INFO:tensorflow:[INFO] Key 0013-2019_10_26_16_56_03 length 184.
INFO:tensorflow:[INFO] Key 0013-2019_10_26_16_56_35 length 186.
INFO:tensorflow:[INFO] Key 0013-2019_10_26_17_20_47 length 179.
INFO:tensorflow:[INFO] Key 0013-2019_10_26_17_48_47 length 155.
INFO:tensorflow:[INFO] Key 0013-2019_10_26_19_45_55 length 269.
INFO:tensorflow:[INFO] Key 0013-2019_10_26_19_46_26 length 180.
INFO:tensorflow:[INFO] Key 0013-2019_10_26_20_10_23 length 162.
INFO:tensorflow:[INFO] Key 0013-2019_10_26_20_12_58 length 183.
INFO:tensorflow:[INFO] Key 0013-2019_10_26_20_25_35 length 144.
INFO:tensorflow:[INFO] Key 0013-2019_10_26_22_01_09 length 253.
INFO:tensorflow:[INFO] Key 0013-2019_10_26_22_06_07 length 192.
INFO:tensorflow:[INFO] Key 0013-2019_10_26_22_46_46 length 186.
INFO:tensorflow:[INFO] Key 0013-2019_10_26_22_46_59 length 223.
INFO:tensorflow:[INFO] Key 0013-2019_10_26_22_47_32 length 288.
INFO:tensorflow:[INFO] Key 0013-2019_10_26_22_47_49 length 167.
INFO:tensorflow:[INFO] Key 0013-2019_10_26_22_49_35 length 289.
INFO:tensorflow:[INFO] Key 0013-2019_10_26_23_22_53 length 118.
INFO:tensorflow:[INFO] Key 0013-2019_10_27_09_36_32 length 216.
INFO:tensorflow:[INFO] Key 0013-2019_10_27_09_37_04 length 318.
INFO:tensorflow:[INFO] Key 0013-2019_10_27_16_36_00 length 192.
INFO:tensorflow:[INFO] Key 0013-2019_10_27_17_55_27 length 283.
INFO:tensorflow:[INFO] Key 0013-2019_10_27_21_09_48 length 173.
INFO:tensorflow:[INFO] Key 0013-2019_10_27_21_29_08 length 195.
INFO:tensorflow:[INFO] Key 0013-2019_10_28_13_36_40 length 91.
INFO:tensorflow:[INFO] Key 0013-2019_10_28_23_09_25 length 108.
INFO:tensorflow:[INFO] Key 0013-2019_10_28_23_10_27 length 109.
INFO:tensorflow:[INFO] Key 0013-2019_10_28_23_10_51 length 174.
INFO:tensorflow:[INFO] Key 0013-2019_10_29_08_02_12 length 200.
INFO:tensorflow:[INFO] Key 0013-2019_10_29_08_02_22 length 200.
INFO:tensorflow:[INFO] Key 0013-2019_10_29_09_56_17 length 210.
INFO:tensorflow:[INFO] Key 0013-2019_10_29_11_01_01 length 126.
INFO:tensorflow:[INFO] Key 0013-2019_10_29_11_49_16 length 211.
INFO:tensorflow:[INFO] Key 0013-2019_10_29_11_49_34 length 239.
INFO:tensorflow:[INFO] Key 0013-2019_10_29_11_51_27 length 163.
INFO:tensorflow:[INFO] Key 0013-2019_10_29_16_15_58 length 241.
INFO:tensorflow:[INFO] Key 0013-2019_10_29_16_16_13 length 193.
INFO:tensorflow:[INFO] Key 0013-2019_10_29_16_16_40 length 152.
INFO:tensorflow:[INFO] Key 0013-2019_10_30_11_34_17 length 197.
INFO:tensorflow:[INFO] Key 0013-2019_10_30_11_34_49 length 249.
INFO:tensorflow:[INFO] Key 0013-2019_10_30_11_35_51 length 227.
INFO:tensorflow:[INFO] Key 0013-2019_10_30_11_36_28 length 265.
INFO:tensorflow:[INFO] Key 0013-2019_10_31_10_50_55 length 189.
INFO:tensorflow:[INFO] Key 0013-2019_10_31_10_51_10 length 244.
INFO:tensorflow:[INFO] Key 0013-2019_10_31_18_24_52 length 241.
INFO:tensorflow:[INFO] Key 0013-2019_11_01_11_21_34 length 159.
INFO:tensorflow:[INFO] Key 0013-2019_11_01_11_21_49 length 166.
INFO:tensorflow:[INFO] Key 0013-2019_11_01_12_14_47 length 264.
INFO:tensorflow:[INFO] Key 0013-2019_11_01_14_43_15 length 216.
INFO:tensorflow:[INFO] Key 0013-2019_11_01_14_43_50 length 254.
INFO:tensorflow:[INFO] Key 0013-2019_11_01_15_35_52 length 137.
INFO:tensorflow:[INFO] Key 0013-2019_11_01_15_50_13 length 87.
INFO:tensorflow:[INFO] Key 0013-2019_11_08_16_36_17 length 204.
INFO:tensorflow:[INFO] Key 0013-2019_11_08_16_37_00 length 208.
INFO:tensorflow:[INFO] Key 0013-2019_11_09_10_35_20 length 176.
INFO:tensorflow:[INFO] Key 0013-2019_11_09_14_17_57 length 208.
INFO:tensorflow:[INFO] Key 0013-2019_11_09_14_19_46 length 219.
WARNING (select-voiced-frames[5.5.598~1-611ff]:main():select-voiced-frames.cc:83) No features were judged as voiced for utterance 0014-2019_10_25_15_22_41_0
INFO:tensorflow:[INFO] Key 0013-2019_12_11_15_12_07 length 344.
INFO:tensorflow:[INFO] Key 0014-2019_10_25_15_22_42_1 length 139.
INFO:tensorflow:[INFO] Key 0014-2019_10_25_15_22_42_2 length 108.
INFO:tensorflow:[INFO] Key 0014-2019_10_25_15_22_42_3 length 125.
INFO:tensorflow:[INFO] Key 0014-2019_10_25_15_22_42_4 length 117.
INFO:tensorflow:[INFO] Key 0014-2019_10_25_15_23_55 length 106.
INFO:tensorflow:[INFO] Key 0015-2019_10_25_22_51_19_1 length 93.
INFO:tensorflow:[INFO] Key 0015-2019_10_25_22_51_19_2 length 81.
INFO:tensorflow:[INFO] Key 0015-2019_10_25_22_51_19_3 length 93.
INFO:tensorflow:[INFO] Key 0015-2019_10_25_22_51_19_4 length 84.
INFO:tensorflow:[INFO] Key 0015-2019_10_25_22_52_10 length 80.
INFO:tensorflow:[INFO] Key 0015-2019_10_25_22_53_26 length 83.
INFO:tensorflow:[INFO] Key 0016-2019_10_26_17_50_59_1 length 103.
INFO:tensorflow:[INFO] Key 0016-2019_10_26_17_50_59_2 length 107.
INFO:tensorflow:[INFO] Key 0016-2019_10_26_17_50_59_3 length 107.
INFO:tensorflow:[INFO] Key 0016-2019_10_26_17_50_59_4 length 105.
INFO:tensorflow:[INFO] Key 0016-2019_10_26_17_51_48 length 108.
INFO:tensorflow:[INFO] Key 0016-2019_10_26_17_52_25 length 138.
INFO:tensorflow:[INFO] Key 0017-2019_10_27_16_45_17_1 length 212.
INFO:tensorflow:[INFO] Key 0017-2019_10_27_16_45_17_2 length 211.
INFO:tensorflow:[INFO] Key 0017-2019_10_27_16_45_17_3 length 210.
INFO:tensorflow:[INFO] Key 0017-2019_10_27_16_45_17_4 length 192.
WARNING (select-voiced-frames[5.5.598~1-611ff]:main():select-voiced-frames.cc:83) No features were judged as voiced for utterance 0020-2019_10_28_16_26_29_0
INFO:tensorflow:[INFO] Key 0017-2019_10_27_16_46_10 length 112.
INFO:tensorflow:[INFO] Key 0019-2019_10_28_16_18_14 length 339.
INFO:tensorflow:[INFO] Key 0019-2019_10_28_16_18_51 length 173.
INFO:tensorflow:[INFO] Key 0020-2019_10_28_16_26_29_1 length 304.
INFO:tensorflow:[INFO] Key 0020-2019_10_28_16_26_29_2 length 299.
INFO:tensorflow:[INFO] Key 0020-2019_10_28_16_26_29_3 length 237.
INFO:tensorflow:[INFO] Key 0020-2019_10_28_16_26_29_4 length 248.
INFO:tensorflow:[INFO] Key 0020-2019_10_28_16_27_43 length 195.
INFO:tensorflow:[INFO] Key 0021-2019_10_28_16_55_43_1 length 392.
INFO:tensorflow:[INFO] Key 0021-2019_10_28_16_55_43_2 length 219.
INFO:tensorflow:[INFO] Key 0021-2019_10_28_16_55_44_3 length 208.
INFO:tensorflow:[INFO] Key 0021-2019_10_28_16_55_44_4 length 217.
INFO:tensorflow:[INFO] Key 0021-2019_10_28_16_57_06 length 122.
INFO:tensorflow:[INFO] Key 0021-2019_10_28_17_21_58 length 254.
INFO:tensorflow:[INFO] Key 0021-2019_10_28_17_23_07 length 201.
INFO:tensorflow:[INFO] Key 0021-2019_10_28_17_37_47 length 112.
INFO:tensorflow:[INFO] Key 0022-2019_10_28_18_07_40_1 length 196.
INFO:tensorflow:[INFO] Key 0022-2019_10_28_18_07_40_2 length 237.
INFO:tensorflow:[INFO] Key 0022-2019_10_28_18_07_40_3 length 202.
WARNING (select-voiced-frames[5.5.598~1-611ff]:main():select-voiced-frames.cc:83) No features were judged as voiced for utterance 0023-2019_11_03_13_16_44_1
WARNING (select-voiced-frames[5.5.598~1-611ff]:main():select-voiced-frames.cc:83) No features were judged as voiced for utterance 0023-2019_11_03_13_16_44_2
WARNING (select-voiced-frames[5.5.598~1-611ff]:main():select-voiced-frames.cc:83) No features were judged as voiced for utterance 0023-2019_11_03_13_16_44_3
WARNING (select-voiced-frames[5.5.598~1-611ff]:main():select-voiced-frames.cc:83) No features were judged as voiced for utterance 0023-2019_11_03_13_16_44_4
INFO:tensorflow:[INFO] Key 0022-2019_10_28_18_07_40_4 length 209.
INFO:tensorflow:[INFO] Key 0022-2019_10_28_18_08_28 length 193.
INFO:tensorflow:[INFO] Key 0027-2019_12_12_19_59_41_0 length 333.
INFO:tensorflow:[INFO] Key 0027-2019_12_12_19_59_41_1 length 183.
INFO:tensorflow:[INFO] Key 0027-2019_12_12_19_59_41_2 length 439.
INFO:tensorflow:[INFO] Key 0027-2019_12_12_19_59_41_3 length 367.
INFO:tensorflow:[INFO] Key 0027-2019_12_12_19_59_41_4 length 279.
INFO:tensorflow:[INFO] Key 0027-2019_12_12_20_00_50 length 215.
INFO:tensorflow:[INFO] Key 0027-2019_12_12_20_01_08 length 182.
INFO:tensorflow:[INFO] Key 0027-2019_12_12_20_02_14 length 138.
INFO:tensorflow:[INFO] Key 0027-2019_12_12_21_27_30 length 109.
INFO:tensorflow:[INFO] Key 0027-2019_12_12_21_35_51 length 244.
INFO:tensorflow:[INFO] Key 0027-2019_12_12_21_36_02 length 175.
INFO:tensorflow:[INFO] Key 0028-2020_01_10_16_37_46_0 length 92.
INFO:tensorflow:[INFO] Key 0028-2020_01_10_16_37_47_1 length 93.
INFO:tensorflow:[INFO] Key 0028-2020_01_10_16_37_47_2 length 130.
INFO:tensorflow:[INFO] Key 0028-2020_01_10_16_37_47_3 length 96.
INFO:tensorflow:[INFO] Key 0028-2020_01_10_16_37_47_4 length 98.
INFO:tensorflow:[INFO] Key 0028-2020_01_10_16_39_20 length 81.
INFO:tensorflow:[INFO] Key 0028-2020_01_10_16_48_29 length 56.
INFO:tensorflow:[INFO] Key 0028-2020_01_10_16_50_11 length 84.
INFO:tensorflow:[INFO] Key 0028-2020_01_10_16_51_01 length 103.
INFO:tensorflow:[INFO] Key 0028-2020_01_10_16_52_33 length 128.
INFO:tensorflow:[INFO] Key 0028-2020_01_10_16_53_27 length 106.
INFO:tensorflow:[INFO] Key 0028-2020_01_13_09_51_58 length 116.
INFO:tensorflow:[INFO] Key 0028-2020_01_13_09_54_03 length 101.
INFO:tensorflow:[INFO] Key 0028-2020_01_13_09_55_06 length 97.
INFO:tensorflow:[INFO] Key 0028-2020_01_13_09_57_00 length 95.
INFO:tensorflow:[INFO] Key 0028-2020_01_13_09_59_29 length 86.
INFO:tensorflow:[INFO] Key 0028-2020_01_13_10_00_52 length 143.
INFO:tensorflow:[INFO] Key 0028-2020_01_13_10_12_51 length 154.
INFO:tensorflow:[INFO] Key 0028-2020_01_13_10_13_11 length 76.
INFO:tensorflow:[INFO] Key 0028-2020_01_13_10_18_05 length 140.
INFO:tensorflow:[INFO] Key 0028-2020_01_13_10_41_11 length 101.
INFO:tensorflow:[INFO] Key 0028-2020_01_13_10_41_50 length 174.
INFO:tensorflow:[INFO] Key 0028-2020_01_13_17_15_39 length 168.
INFO:tensorflow:[INFO] Key 0028-2020_01_13_17_16_03 length 119.
INFO:tensorflow:[INFO] Key 0028-2020_01_13_17_16_34 length 159.
INFO:tensorflow:[INFO] Key 0028-2020_01_14_09_12_42 length 113.
INFO:tensorflow:[INFO] Key 0028-2020_01_14_09_13_10 length 146.
INFO:tensorflow:[INFO] Key 0028-2020_01_14_09_13_57 length 90.
INFO:tensorflow:[INFO] Key 0028-2020_01_14_09_14_16 length 152.
INFO:tensorflow:[INFO] Key 0028-2020_01_14_09_34_25 length 157.
INFO:tensorflow:[INFO] Key 0028-2020_01_14_09_34_39 length 114.
INFO:tensorflow:[INFO] Key 0028-2020_01_14_09_47_30 length 107.
INFO:tensorflow:[INFO] Key 0028-2020_01_14_09_47_58 length 187.
INFO:tensorflow:[INFO] Key 0028-2020_01_14_14_29_59 length 163.
INFO:tensorflow:[INFO] Key 0028-2020_01_14_14_30_44 length 91.
INFO:tensorflow:[INFO] Key 0028-2020_01_14_14_31_07 length 123.
INFO:tensorflow:[INFO] Key 0028-2020_01_14_14_31_52 length 127.
INFO:tensorflow:[INFO] Key 0028-2020_01_15_08_20_00 length 66.
INFO:tensorflow:[INFO] Key 0028-2020_01_15_08_36_04 length 122.
INFO:tensorflow:[INFO] Key 0029-2020_02_06_14_39_56_0 length 192.
INFO:tensorflow:[INFO] Key 0029-2020_02_06_14_40_04_1 length 249.
INFO:tensorflow:[INFO] Key 0029-2020_02_06_14_40_24_2 length 402.
INFO:tensorflow:[INFO] Key 0029-2020_02_06_14_41_49_3 length 315.
INFO:tensorflow:[INFO] Key 0029-2020_02_06_14_42_12_4 length 354.
INFO:tensorflow:[INFO] Key 0029-2020_02_06_14_42_38_5 length 303.
INFO:tensorflow:[INFO] Key 0029-2020_02_06_14_42_58_6 length 459.
INFO:tensorflow:[INFO] Key 0029-2020_02_06_14_43_33_7 length 552.
INFO:tensorflow:[INFO] Key 0029-2020_02_06_14_44_52_8 length 327.
INFO:tensorflow:[INFO] Key 0029-2020_02_06_14_45_24_9 length 312.
INFO:tensorflow:[INFO] Key 0030-2020_02_07_19_08_42_0 length 360.
INFO:tensorflow:[INFO] Key 0030-2020_02_07_19_09_15_1 length 147.
INFO:tensorflow:[INFO] Key 0030-2020_02_07_19_09_24_2 length 342.
INFO:tensorflow:[INFO] Key 0030-2020_02_07_19_09_33_3 length 363.
INFO:tensorflow:[INFO] Key 0030-2020_02_07_19_09_43_4 length 498.
INFO:tensorflow:[INFO] Key 0030-2020_02_07_19_09_52_5 length 468.
LOG (apply-cmvn-sliding[5.5.598~1-611ff]:main():apply-cmvn-sliding.cc:75) Applied sliding-window cepstral mean normalization to 650 utterances, 0 had errors.
INFO:tensorflow:[INFO] Key 0030-2020_02_07_19_10_05_6 length 162.
LOG (select-voiced-frames[5.5.598~1-611ff]:main():select-voiced-frames.cc:106) Done selecting voiced frames; processed 641 utterances, 9 had errors.
INFO:tensorflow:[INFO] Key 0030-2020_02_07_19_10_14_7 length 339.
INFO:tensorflow:[INFO] Key 0030-2020_02_07_19_10_26_8 length 198.
INFO:tensorflow:[INFO] Key 0030-2020_02_07_19_10_35_9 length 105.
LOG (copy-vector[5.5.598~1-611ff]:main():copy-vector.cc:90) Copied 639 vectors.
# Accounting: time=39 threads=1
# Ended (code 0) at Wed Feb 12 04:09:43 KST 2020, elapsed time 39 seconds
