# compute-mfcc-feats --write-utt2dur=ark,t:/home/mi/PycharmProjects/CESLeA/AgeRecog/online/preprocess_log/make_mfcc/utt2dur.1 --verbose=2 --config=conf/mfcc.conf scp,p:/home/mi/PycharmProjects/CESLeA/AgeRecog/online/preprocess_log/make_mfcc/wav_spkrs.1.scp ark:- | copy-feats --write-num-frames=ark,t:/home/mi/PycharmProjects/CESLeA/AgeRecog/online/preprocess_log/make_mfcc/utt2num_frames.1 --compress=true ark:- ark,scp:/home/mi/PycharmProjects/CESLeA/AgeRecog/online/mfcc/raw_mfcc_spkrs.1.ark,/home/mi/PycharmProjects/CESLeA/AgeRecog/online/mfcc/raw_mfcc_spkrs.1.scp 
# Started at Mon Nov 23 16:18:48 KST 2020
#
copy-feats --write-num-frames=ark,t:/home/mi/PycharmProjects/CESLeA/AgeRecog/online/preprocess_log/make_mfcc/utt2num_frames.1 --compress=true ark:- ark,scp:/home/mi/PycharmProjects/CESLeA/AgeRecog/online/mfcc/raw_mfcc_spkrs.1.ark,/home/mi/PycharmProjects/CESLeA/AgeRecog/online/mfcc/raw_mfcc_spkrs.1.scp 
compute-mfcc-feats --write-utt2dur=ark,t:/home/mi/PycharmProjects/CESLeA/AgeRecog/online/preprocess_log/make_mfcc/utt2dur.1 --verbose=2 --config=conf/mfcc.conf scp,p:/home/mi/PycharmProjects/CESLeA/AgeRecog/online/preprocess_log/make_mfcc/wav_spkrs.1.scp ark:- 
VLOG[2] (compute-mfcc-feats[5.5.598~1-611ff]:main():compute-mfcc-feats.cc:182) Processed features for key jjw-jjw1
VLOG[2] (compute-mfcc-feats[5.5.598~1-611ff]:main():compute-mfcc-feats.cc:182) Processed features for key jjw-jjw10
VLOG[2] (compute-mfcc-feats[5.5.598~1-611ff]:main():compute-mfcc-feats.cc:182) Processed features for key jjw-jjw2
VLOG[2] (compute-mfcc-feats[5.5.598~1-611ff]:main():compute-mfcc-feats.cc:182) Processed features for key jjw-jjw3
VLOG[2] (compute-mfcc-feats[5.5.598~1-611ff]:main():compute-mfcc-feats.cc:182) Processed features for key jjw-jjw4
VLOG[2] (compute-mfcc-feats[5.5.598~1-611ff]:main():compute-mfcc-feats.cc:182) Processed features for key jjw-jjw5
VLOG[2] (compute-mfcc-feats[5.5.598~1-611ff]:main():compute-mfcc-feats.cc:182) Processed features for key jjw-jjw6
VLOG[2] (compute-mfcc-feats[5.5.598~1-611ff]:main():compute-mfcc-feats.cc:182) Processed features for key jjw-jjw7
VLOG[2] (compute-mfcc-feats[5.5.598~1-611ff]:main():compute-mfcc-feats.cc:182) Processed features for key jjw-jjw8
LOG (compute-mfcc-feats[5.5.598~1-611ff]:main():compute-mfcc-feats.cc:181) Processed 10 utterances
VLOG[2] (compute-mfcc-feats[5.5.598~1-611ff]:main():compute-mfcc-feats.cc:182) Processed features for key jjw-jjw9
VLOG[2] (compute-mfcc-feats[5.5.598~1-611ff]:main():compute-mfcc-feats.cc:182) Processed features for key kms-kms1
VLOG[2] (compute-mfcc-feats[5.5.598~1-611ff]:main():compute-mfcc-feats.cc:182) Processed features for key kms-kms10
VLOG[2] (compute-mfcc-feats[5.5.598~1-611ff]:main():compute-mfcc-feats.cc:182) Processed features for key kms-kms2
VLOG[2] (compute-mfcc-feats[5.5.598~1-611ff]:main():compute-mfcc-feats.cc:182) Processed features for key kms-kms3
VLOG[2] (compute-mfcc-feats[5.5.598~1-611ff]:main():compute-mfcc-feats.cc:182) Processed features for key kms-kms4
VLOG[2] (compute-mfcc-feats[5.5.598~1-611ff]:main():compute-mfcc-feats.cc:182) Processed features for key kms-kms5
VLOG[2] (compute-mfcc-feats[5.5.598~1-611ff]:main():compute-mfcc-feats.cc:182) Processed features for key kms-kms6
VLOG[2] (compute-mfcc-feats[5.5.598~1-611ff]:main():compute-mfcc-feats.cc:182) Processed features for key kms-kms7
VLOG[2] (compute-mfcc-feats[5.5.598~1-611ff]:main():compute-mfcc-feats.cc:182) Processed features for key kms-kms8
LOG (compute-mfcc-feats[5.5.598~1-611ff]:main():compute-mfcc-feats.cc:181) Processed 20 utterances
VLOG[2] (compute-mfcc-feats[5.5.598~1-611ff]:main():compute-mfcc-feats.cc:182) Processed features for key kms-kms9
VLOG[2] (compute-mfcc-feats[5.5.598~1-611ff]:main():compute-mfcc-feats.cc:182) Processed features for key kst-kst1
VLOG[2] (compute-mfcc-feats[5.5.598~1-611ff]:main():compute-mfcc-feats.cc:182) Processed features for key kst-kst10
VLOG[2] (compute-mfcc-feats[5.5.598~1-611ff]:main():compute-mfcc-feats.cc:182) Processed features for key kst-kst2
VLOG[2] (compute-mfcc-feats[5.5.598~1-611ff]:main():compute-mfcc-feats.cc:182) Processed features for key kst-kst3
VLOG[2] (compute-mfcc-feats[5.5.598~1-611ff]:main():compute-mfcc-feats.cc:182) Processed features for key kst-kst4
VLOG[2] (compute-mfcc-feats[5.5.598~1-611ff]:main():compute-mfcc-feats.cc:182) Processed features for key kst-kst5
VLOG[2] (compute-mfcc-feats[5.5.598~1-611ff]:main():compute-mfcc-feats.cc:182) Processed features for key kst-kst6
VLOG[2] (compute-mfcc-feats[5.5.598~1-611ff]:main():compute-mfcc-feats.cc:182) Processed features for key kst-kst7
VLOG[2] (compute-mfcc-feats[5.5.598~1-611ff]:main():compute-mfcc-feats.cc:182) Processed features for key kst-kst8
LOG (compute-mfcc-feats[5.5.598~1-611ff]:main():compute-mfcc-feats.cc:181) Processed 30 utterances
VLOG[2] (compute-mfcc-feats[5.5.598~1-611ff]:main():compute-mfcc-feats.cc:182) Processed features for key kst-kst9
VLOG[2] (compute-mfcc-feats[5.5.598~1-611ff]:main():compute-mfcc-feats.cc:182) Processed features for key lsw-lsw1
VLOG[2] (compute-mfcc-feats[5.5.598~1-611ff]:main():compute-mfcc-feats.cc:182) Processed features for key lsw-lsw10
VLOG[2] (compute-mfcc-feats[5.5.598~1-611ff]:main():compute-mfcc-feats.cc:182) Processed features for key lsw-lsw2
VLOG[2] (compute-mfcc-feats[5.5.598~1-611ff]:main():compute-mfcc-feats.cc:182) Processed features for key lsw-lsw3
VLOG[2] (compute-mfcc-feats[5.5.598~1-611ff]:main():compute-mfcc-feats.cc:182) Processed features for key lsw-lsw4
VLOG[2] (compute-mfcc-feats[5.5.598~1-611ff]:main():compute-mfcc-feats.cc:182) Processed features for key lsw-lsw5
VLOG[2] (compute-mfcc-feats[5.5.598~1-611ff]:main():compute-mfcc-feats.cc:182) Processed features for key lsw-lsw6
VLOG[2] (compute-mfcc-feats[5.5.598~1-611ff]:main():compute-mfcc-feats.cc:182) Processed features for key lsw-lsw7
VLOG[2] (compute-mfcc-feats[5.5.598~1-611ff]:main():compute-mfcc-feats.cc:182) Processed features for key lsw-lsw8
LOG (compute-mfcc-feats[5.5.598~1-611ff]:main():compute-mfcc-feats.cc:181) Processed 40 utterances
VLOG[2] (compute-mfcc-feats[5.5.598~1-611ff]:main():compute-mfcc-feats.cc:182) Processed features for key lsw-lsw9
LOG (compute-mfcc-feats[5.5.598~1-611ff]:main():compute-mfcc-feats.cc:185)  Done 40 out of 40 utterances.
LOG (copy-feats[5.5.598~1-611ff]:main():copy-feats.cc:143) Copied 40 feature matrices.
# Accounting: time=1 threads=1
# Ended (code 0) at Mon Nov 23 16:18:49 KST 2020, elapsed time 1 seconds
